2024-12-08 23:50:18,745 - main - INFO - Start running with args: 
Namespace(batch_size=128, img_size=224, prototype_shape=[2000, 192, 1, 1], prototype_activation_function='log', add_on_layers_type='regular', use_global=True, global_proto_per_class=10, epochs=200, save_ep_freq=10, hash_code_length=64, prototype_dim=768, alpha=0.1, beta=3.0, model_ema=True, model_ema_decay=0.99996, model_ema_force_cpu=False, opt='adamw', opt_eps=1e-08, opt_betas=None, clip_grad=None, momentum=0.9, weight_decay=0.05, sched='cosine', features_lr=0.0001, add_on_layers_lr=0.001, prototype_vectors_lr=0.001, lr_noise=None, lr_noise_pct=0.67, lr_noise_std=1.0, warmup_lr=0.0001, min_lr=1e-05, decay_epochs=10, warmup_epochs=5, cooldown_epochs=10, patience_epochs=10, decay_rate=0.1, prop_train_labels=0.5, mask_theta=0.1, labeled_nums=0, unlabeled_nums=0, data_set='scars', output_dir='exp//scars/scars_iscap_codelength(64)_seed(1028)', device='cuda', seed=1028, resume='', start_epoch=0, eval=False, num_workers=10, pin_mem=True, data_root='/leonardo_work/IscrC_Fed-GCD/GCD_datasets/stanford_cars', pretrain_path='/leonardo_work/IscrC_Fed-GCD/GCD_datasets/dino/dino_vitbase16_pretrain.pth')
/leonardo/home/userexternal/hzheng00/miniconda3/envs/fedgcd/lib/python3.9/site-packages/torchvision/transforms/transforms.py:332: UserWarning: Argument 'interpolation' of type int is deprecated since 0.13 and will be removed in 0.15. Please use InterpolationMode enum.
  warnings.warn(
2024-12-08 23:50:19,064 - main - INFO - train 2000 test: 3948
2024-12-08 23:50:19,064 - main - INFO - test_dataset_unlabelled: 6144
/leonardo/home/userexternal/hzheng00/miniconda3/envs/fedgcd/lib/python3.9/site-packages/torch/utils/data/dataloader.py:563: UserWarning: This DataLoader will create 10 worker processes in total. Our suggested max number of worker in current system is 1, which is smaller than what this DataLoader is going to create. Please be aware that excessive worker creation might get DataLoader running slow or even freeze, lower the worker number to avoid potential slowness/freeze if necessary.
  warnings.warn(_create_warning_msg(
/leonardo/home/userexternal/hzheng00/miniconda3/envs/fedgcd/lib/python3.9/site-packages/torch/utils/data/dataloader.py:563: UserWarning: This DataLoader will create 8 worker processes in total. Our suggested max number of worker in current system is 1, which is smaller than what this DataLoader is going to create. Please be aware that excessive worker creation might get DataLoader running slow or even freeze, lower the worker number to avoid potential slowness/freeze if necessary.
  warnings.warn(_create_warning_msg(
2024-12-08 23:50:21,497 - main - INFO - number of params: 14743936
2024-12-08 23:50:21,498 - main - INFO - Start training for 200 epochs
2024-12-08 23:50:21,498 - train_and_evaluate - INFO - Start train one epoch
train_classes: [1, 11, 25, 38, 46, 50, 53, 75, 84, 100, 105, 117, 123, 129, 133, 134, 135, 136, 137, 138, 140, 144, 145, 146, 147, 149, 150, 151, 153, 160, 161, 162, 163, 164, 167, 168, 169, 174, 175, 180, 185, 186, 187, 192, 193, 0, 81, 97, 104, 122, 139, 141, 142, 143, 148, 152, 154, 155, 156, 157, 158, 159, 165, 166, 170, 171, 172, 173, 176, 177, 181, 184, 188, 191, 194, 195, 2, 7, 9, 16, 20, 26, 28, 44, 54, 95, 98, 102, 127, 178, 182, 22, 41, 82, 93, 112, 125, 189]
len(train_classes): 98
unlabeled_classes: [23, 42, 83, 94, 113, 126, 190, 3, 8, 10, 17, 21, 27, 29, 45, 55, 96, 99, 103, 128, 179, 183, 4, 5, 6, 12, 13, 14, 15, 18, 19, 24, 30, 31, 32, 33, 34, 35, 36, 37, 39, 40, 43, 47, 48, 49, 51, 52, 56, 57, 58, 59, 60, 61, 62, 63, 64, 65, 66, 67, 68, 69, 70, 71, 72, 73, 74, 76, 77, 78, 79, 80, 85, 86, 87, 88, 89, 90, 91, 92, 101, 106, 107, 108, 109, 110, 111, 114, 115, 116, 118, 119, 120, 121, 124, 130, 131, 132]
len(unlabeled_classes): 98
require grad: prototype_vectors_global
require grad: features.blocks.11.norm1.weight
require grad: features.blocks.11.norm1.bias
require grad: features.blocks.11.attn.qkv.weight
require grad: features.blocks.11.attn.qkv.bias
require grad: features.blocks.11.attn.proj.weight
require grad: features.blocks.11.attn.proj.bias
require grad: features.blocks.11.norm2.weight
require grad: features.blocks.11.norm2.bias
require grad: features.blocks.11.mlp.fc1.weight
require grad: features.blocks.11.mlp.fc1.bias
require grad: features.blocks.11.mlp.fc2.weight
require grad: features.blocks.11.mlp.fc2.bias
require grad: add_on_layers.0.weight
require grad: add_on_layers.0.bias
require grad: hash_head.mlp.0.weight
require grad: hash_head.mlp.0.bias
require grad: hash_head.mlp.2.weight
require grad: hash_head.mlp.2.bias
require grad: hash_head.mlp.4.weight
require grad: hash_head.mlp.4.bias
require grad: hash_head.mlp.5.weight
require grad: hash_head.mlp.5.bias
require grad: hash_head.hash.weight
require grad: hash_head.bn_h.weight
require grad: hash_head.bn_h.bias
Param Group 0:
Parameters:
torch.Size([768])
torch.Size([768])
torch.Size([2304, 768])
torch.Size([2304])
torch.Size([768, 768])
torch.Size([768])
torch.Size([768])
torch.Size([768])
torch.Size([3072, 768])
torch.Size([3072])
torch.Size([768, 3072])
torch.Size([768])
Config:
lr: 0.0001
weight_decay: 0.001
betas: (0.9, 0.999)
eps: 1e-08
amsgrad: False
foreach: None
maximize: False
capturable: False


Param Group 1:
Parameters:
torch.Size([768, 768])
torch.Size([768])
Config:
lr: 0.001
weight_decay: 0.001
betas: (0.9, 0.999)
eps: 1e-08
amsgrad: False
foreach: None
maximize: False
capturable: False


Param Group 2:
Parameters:
torch.Size([2048, 768])
torch.Size([2048])
torch.Size([2048, 2048])
torch.Size([2048])
torch.Size([256, 2048])
torch.Size([256])
torch.Size([256])
torch.Size([256])
torch.Size([64, 256])
torch.Size([64])
torch.Size([64])
Config:
lr: 0.001
betas: (0.9, 0.999)
eps: 1e-08
weight_decay: 0.05
amsgrad: False
foreach: None
maximize: False
capturable: False


Param Group 3:
Parameters:
torch.Size([980, 768])
Config:
lr: 0.001
betas: (0.9, 0.999)
eps: 1e-08
weight_decay: 0.05
amsgrad: False
foreach: None
maximize: False
capturable: False


d_max: 24
2024-12-08 23:50:52,478 - log_every - INFO - Epoch: [0]  [ 0/16]  eta: 0:08:15  lr: 0.000100  loss_protop: 4.9980 (4.9980)  loss_feature: 4.5814 (4.5814)  loss_sep: 0.0000 (0.0000)  loss_quan: 0.6030 (0.6030)  time: 30.9788  data: 18.7396  max mem: 3396
2024-12-08 23:50:54,163 - log_every - INFO - Epoch: [0]  [15/16]  eta: 0:00:02  lr: 0.000100  loss_protop: 4.8938 (4.9070)  loss_feature: 4.4090 (4.4180)  loss_sep: 0.0026 (0.0321)  loss_quan: 0.5386 (0.5475)  time: 2.0415  data: 1.1713  max mem: 3567
2024-12-08 23:50:54,361 - log_every - INFO - Epoch: [0] Total time: 0:00:32 (2.0539 s / it)
2024-12-08 23:50:54,361 - evaluate - INFO - Start validation
2024-12-08 23:50:54,361 - evaluate - INFO - Radius: 12
Averaged stats: lr: 0.000100  loss_protop: 4.8938 (4.9070)  loss_feature: 4.4090 (4.4180)  loss_sep: 0.0026 (0.0321)  loss_quan: 0.5386 (0.5475)
  0%|          | 0/24 [00:00<?, ?it/s]  4%|▍         | 1/24 [00:25<09:37, 25.13s/it]  8%|▊         | 2/24 [00:26<03:59, 10.87s/it] 12%|█▎        | 3/24 [00:26<02:12,  6.33s/it] 17%|█▋        | 4/24 [00:27<01:23,  4.19s/it] 21%|██        | 5/24 [00:28<00:57,  3.02s/it] 25%|██▌       | 6/24 [00:29<00:41,  2.31s/it] 29%|██▉       | 7/24 [00:30<00:31,  1.85s/it] 33%|███▎      | 8/24 [00:31<00:24,  1.55s/it] 38%|███▊      | 9/24 [00:52<01:52,  7.49s/it] 42%|████▏     | 10/24 [00:53<01:16,  5.46s/it] 46%|████▌     | 11/24 [00:53<00:52,  4.08s/it] 50%|█████     | 12/24 [00:54<00:37,  3.13s/it] 54%|█████▍    | 13/24 [00:55<00:27,  2.47s/it] 58%|█████▊    | 14/24 [00:56<00:19,  2.00s/it]