2024-12-08 23:33:50,139 - main - INFO - Start running with args: 
Namespace(batch_size=128, img_size=224, prototype_shape=[2000, 192, 1, 1], prototype_activation_function='log', add_on_layers_type='regular', use_global=True, global_proto_per_class=10, epochs=200, save_ep_freq=10, hash_code_length=16, prototype_dim=768, alpha=0.1, beta=3.0, model_ema=True, model_ema_decay=0.99996, model_ema_force_cpu=False, opt='adamw', opt_eps=1e-08, opt_betas=None, clip_grad=None, momentum=0.9, weight_decay=0.05, sched='cosine', features_lr=0.0001, add_on_layers_lr=0.001, prototype_vectors_lr=0.001, lr_noise=None, lr_noise_pct=0.67, lr_noise_std=1.0, warmup_lr=0.0001, min_lr=1e-05, decay_epochs=10, warmup_epochs=5, cooldown_epochs=10, patience_epochs=10, decay_rate=0.1, prop_train_labels=0.5, mask_theta=0.1, labeled_nums=0, unlabeled_nums=0, data_set='cub', output_dir='exp//cub/cub_iscap_codelength(16)_seed(1029)', device='cuda', seed=1029, resume='', start_epoch=0, eval=False, num_workers=10, pin_mem=True, data_root='/leonardo_work/IscrC_Fed-GCD/GCD_datasets/CUB', pretrain_path='/leonardo_work/IscrC_Fed-GCD/GCD_datasets/dino/dino_vitbase16_pretrain.pth')
2024-12-08 23:33:55,000 - main - INFO - train 1498 test: 2884
2024-12-08 23:33:55,002 - main - INFO - test_dataset_unlabelled: 4496
2024-12-08 23:33:59,037 - main - INFO - number of params: 14746912
2024-12-08 23:33:59,040 - main - INFO - Start training for 200 epochs
2024-12-08 23:33:59,040 - train_and_evaluate - INFO - Start train one epoch
2024-12-08 23:34:18,158 - log_every - INFO - Epoch: [0]  [ 0/12]  eta: 0:03:49  lr: 0.000100  loss_protop: 4.7681 (4.7681)  loss_feature: 4.6671 (4.6671)  loss_sep: 0.0000 (0.0000)  loss_quan: 0.5952 (0.5952)  time: 19.1137  data: 12.7497  max mem: 3428
2024-12-08 23:34:19,401 - log_every - INFO - Epoch: [0]  [11/12]  eta: 0:00:01  lr: 0.000100  loss_protop: 4.9034 (4.9270)  loss_feature: 4.3093 (4.3557)  loss_sep: 0.0000 (0.0000)  loss_quan: 0.4978 (0.5130)  time: 1.6963  data: 1.0625  max mem: 3597
2024-12-08 23:34:19,570 - log_every - INFO - Epoch: [0] Total time: 0:00:20 (1.7108 s / it)
2024-12-08 23:34:19,580 - evaluate - INFO - Start validation
2024-12-08 23:34:19,580 - evaluate - INFO - Radius: 2
2024-12-08 23:34:59,458 - evaluate - INFO - Evaluate V1: all_acc: 0.183 old_acc: 0.207 new_acc: 0.171
2024-12-08 23:34:59,468 - evaluate - INFO - Evaluate V2: all_acc: 0.150 old_acc: 0.134 new_acc: 0.158
2024-12-08 23:34:59,469 - main - INFO - Averaged stats:
2024-12-08 23:34:59,469 - main - INFO - {'lr': 0.00010000000000000003, 'loss_protop': 4.926995674769084, 'loss_feature': 4.355675180753072, 'loss_sep': 0.0, 'loss_quan': 0.5129801432291666}
2024-12-08 23:34:59,470 - train_and_evaluate - INFO - Start train one epoch
2024-12-08 23:35:09,285 - log_every - INFO - Epoch: [1]  [ 0/12]  eta: 0:01:57  lr: 0.000100  loss_protop: 4.8416 (4.8416)  loss_feature: 3.9613 (3.9613)  loss_sep: 0.0006 (0.0006)  loss_quan: 0.4253 (0.4253)  time: 9.8144  data: 9.5526  max mem: 3597
2024-12-08 23:35:11,515 - log_every - INFO - Epoch: [1]  [11/12]  eta: 0:00:01  lr: 0.000100  loss_protop: 4.9297 (4.9475)  loss_feature: 3.9064 (3.9126)  loss_sep: 0.0207 (0.0179)  loss_quan: 0.3904 (0.3949)  time: 1.0030  data: 0.8482  max mem: 3597
2024-12-08 23:35:11,907 - log_every - INFO - Epoch: [1] Total time: 0:00:12 (1.0364 s / it)
2024-12-08 23:35:11,908 - evaluate - INFO - Start validation
2024-12-08 23:35:11,908 - evaluate - INFO - Radius: 2
2024-12-08 23:35:48,519 - evaluate - INFO - Evaluate V1: all_acc: 0.202 old_acc: 0.248 new_acc: 0.179
2024-12-08 23:35:48,528 - evaluate - INFO - Evaluate V2: all_acc: 0.163 old_acc: 0.164 new_acc: 0.163
2024-12-08 23:35:48,530 - main - INFO - Averaged stats:
2024-12-08 23:35:48,530 - main - INFO - {'lr': 0.00010000000000000003, 'loss_protop': 4.947481791178386, 'loss_feature': 3.912633995215098, 'loss_sep': 0.017880858858309995, 'loss_quan': 0.3948567708333333}
2024-12-08 23:35:48,531 - train_and_evaluate - INFO - Start train one epoch
2024-12-08 23:35:58,512 - log_every - INFO - Epoch: [2]  [ 0/12]  eta: 0:01:59  lr: 0.000100  loss_protop: 4.9822 (4.9822)  loss_feature: 3.8266 (3.8266)  loss_sep: 0.0290 (0.0290)  loss_quan: 0.3726 (0.3726)  time: 9.9807  data: 9.8150  max mem: 3597
2024-12-08 23:36:00,552 - log_every - INFO - Epoch: [2]  [11/12]  eta: 0:00:00  lr: 0.000100  loss_protop: 4.9100 (4.9154)  loss_feature: 3.8067 (3.8091)  loss_sep: 0.0220 (0.0195)  loss_quan: 0.3499 (0.3533)  time: 0.9993  data: 0.8547  max mem: 3597
2024-12-08 23:36:00,951 - log_every - INFO - Epoch: [2] Total time: 0:00:12 (1.0351 s / it)
2024-12-08 23:36:00,952 - evaluate - INFO - Start validation
2024-12-08 23:36:00,952 - evaluate - INFO - Radius: 2
2024-12-08 23:36:37,714 - evaluate - INFO - Evaluate V1: all_acc: 0.233 old_acc: 0.271 new_acc: 0.214
2024-12-08 23:36:37,723 - evaluate - INFO - Evaluate V2: all_acc: 0.191 old_acc: 0.180 new_acc: 0.196
2024-12-08 23:36:37,724 - main - INFO - Averaged stats:
2024-12-08 23:36:37,725 - main - INFO - {'lr': 0.00010000000000000003, 'loss_protop': 4.915411750475566, 'loss_feature': 3.8090637723604837, 'loss_sep': 0.019492187188006938, 'loss_quan': 0.3533121744791667}
2024-12-08 23:36:37,725 - train_and_evaluate - INFO - Start train one epoch
2024-12-08 23:36:47,742 - log_every - INFO - Epoch: [3]  [ 0/12]  eta: 0:02:00  lr: 0.000100  loss_protop: 4.8091 (4.8091)  loss_feature: 3.7634 (3.7634)  loss_sep: 0.0089 (0.0089)  loss_quan: 0.3425 (0.3425)  time: 10.0159  data: 9.8555  max mem: 3597
2024-12-08 23:36:49,833 - log_every - INFO - Epoch: [3]  [11/12]  eta: 0:00:01  lr: 0.000100  loss_protop: 4.8728 (4.8717)  loss_feature: 3.7608 (3.7619)  loss_sep: 0.0105 (0.0157)  loss_quan: 0.3333 (0.3342)  time: 1.0063  data: 0.8581  max mem: 3597
2024-12-08 23:36:50,226 - log_every - INFO - Epoch: [3] Total time: 0:00:12 (1.0417 s / it)
2024-12-08 23:36:50,227 - evaluate - INFO - Start validation
2024-12-08 23:36:50,227 - evaluate - INFO - Radius: 2
2024-12-08 23:37:26,849 - evaluate - INFO - Evaluate V1: all_acc: 0.261 old_acc: 0.315 new_acc: 0.235
2024-12-08 23:37:26,857 - evaluate - INFO - Evaluate V2: all_acc: 0.218 old_acc: 0.219 new_acc: 0.217
2024-12-08 23:37:26,858 - main - INFO - Averaged stats:
2024-12-08 23:37:26,858 - main - INFO - {'lr': 0.00010000000000000003, 'loss_protop': 4.871675610542297, 'loss_feature': 3.7619324326515198, 'loss_sep': 0.015709635335952044, 'loss_quan': 0.3342081705729167}
2024-12-08 23:37:26,859 - train_and_evaluate - INFO - Start train one epoch
2024-12-08 23:37:36,819 - log_every - INFO - Epoch: [4]  [ 0/12]  eta: 0:01:59  lr: 0.000100  loss_protop: 4.8794 (4.8794)  loss_feature: 3.7520 (3.7520)  loss_sep: 0.0131 (0.0131)  loss_quan: 0.3286 (0.3286)  time: 9.9596  data: 9.7890  max mem: 3597
2024-12-08 23:37:38,909 - log_every - INFO - Epoch: [4]  [11/12]  eta: 0:00:01  lr: 0.000100  loss_protop: 4.8315 (4.8481)  loss_feature: 3.7340 (3.7353)  loss_sep: 0.0086 (0.0122)  loss_quan: 0.3276 (0.3270)  time: 1.0018  data: 0.8542  max mem: 3597
2024-12-08 23:37:39,308 - log_every - INFO - Epoch: [4] Total time: 0:00:12 (1.0374 s / it)
2024-12-08 23:37:39,308 - evaluate - INFO - Start validation
2024-12-08 23:37:39,309 - evaluate - INFO - Radius: 2
2024-12-08 23:38:15,865 - evaluate - INFO - Evaluate V1: all_acc: 0.272 old_acc: 0.344 new_acc: 0.236
2024-12-08 23:38:15,873 - evaluate - INFO - Evaluate V2: all_acc: 0.218 old_acc: 0.227 new_acc: 0.214
2024-12-08 23:38:15,874 - main - INFO - Averaged stats:
2024-12-08 23:38:15,875 - main - INFO - {'lr': 0.00010000000000000003, 'loss_protop': 4.848122517267863, 'loss_feature': 3.735306441783905, 'loss_sep': 0.012200520548503846, 'loss_quan': 0.32696533203125}
2024-12-08 23:38:15,875 - train_and_evaluate - INFO - Start train one epoch
2024-12-08 23:38:25,831 - log_every - INFO - Epoch: [5]  [ 0/12]  eta: 0:01:59  lr: 0.000100  loss_protop: 4.6996 (4.6996)  loss_feature: 3.7102 (3.7102)  loss_sep: 0.0126 (0.0126)  loss_quan: 0.3208 (0.3208)  time: 9.9551  data: 9.7517  max mem: 3597
2024-12-08 23:38:28,031 - log_every - INFO - Epoch: [5]  [11/12]  eta: 0:00:01  lr: 0.000100  loss_protop: 4.8326 (4.8558)  loss_feature: 3.7139 (3.7150)  loss_sep: 0.0078 (0.0102)  loss_quan: 0.3142 (0.3155)  time: 1.0128  data: 0.8632  max mem: 3597
2024-12-08 23:38:28,423 - log_every - INFO - Epoch: [5] Total time: 0:00:12 (1.0456 s / it)
2024-12-08 23:38:28,423 - evaluate - INFO - Start validation
2024-12-08 23:38:28,424 - evaluate - INFO - Radius: 2
2024-12-08 23:39:05,142 - evaluate - INFO - Evaluate V1: all_acc: 0.277 old_acc: 0.356 new_acc: 0.238
2024-12-08 23:39:05,151 - evaluate - INFO - Evaluate V2: all_acc: 0.229 old_acc: 0.241 new_acc: 0.223
2024-12-08 23:39:05,152 - main - INFO - Averaged stats:
2024-12-08 23:39:05,152 - main - INFO - {'lr': 0.00010000000000000003, 'loss_protop': 4.855792999267578, 'loss_feature': 3.7149696350097656, 'loss_sep': 0.01015624984089906, 'loss_quan': 0.3154703776041667}
2024-12-08 23:39:05,153 - train_and_evaluate - INFO - Start train one epoch
2024-12-08 23:39:15,047 - log_every - INFO - Epoch: [6]  [ 0/12]  eta: 0:01:58  lr: 0.000100  loss_protop: 4.8400 (4.8400)  loss_feature: 3.6950 (3.6950)  loss_sep: 0.0053 (0.0053)  loss_quan: 0.3127 (0.3127)  time: 9.8934  data: 9.7199  max mem: 3597
2024-12-08 23:39:17,218 - log_every - INFO - Epoch: [6]  [11/12]  eta: 0:00:01  lr: 0.000100  loss_protop: 4.8400 (4.8172)  loss_feature: 3.7028 (3.7030)  loss_sep: 0.0053 (0.0060)  loss_quan: 0.3069 (0.3082)  time: 1.0029  data: 0.8517  max mem: 3597
2024-12-08 23:39:17,609 - log_every - INFO - Epoch: [6] Total time: 0:00:12 (1.0380 s / it)
2024-12-08 23:39:17,610 - evaluate - INFO - Start validation
2024-12-08 23:39:17,610 - evaluate - INFO - Radius: 2
2024-12-08 23:39:54,373 - evaluate - INFO - Evaluate V1: all_acc: 0.275 old_acc: 0.353 new_acc: 0.237
2024-12-08 23:39:54,382 - evaluate - INFO - Evaluate V2: all_acc: 0.238 old_acc: 0.276 new_acc: 0.220
2024-12-08 23:39:54,383 - main - INFO - Averaged stats:
2024-12-08 23:39:54,383 - main - INFO - {'lr': 9.986128001799077e-05, 'loss_protop': 4.817219813664754, 'loss_feature': 3.7029553254445395, 'loss_sep': 0.005963541499416654, 'loss_quan': 0.3082275390625}
2024-12-08 23:39:54,384 - train_and_evaluate - INFO - Start train one epoch
2024-12-08 23:40:04,434 - log_every - INFO - Epoch: [7]  [ 0/12]  eta: 0:02:00  lr: 0.000100  loss_protop: 4.8388 (4.8388)  loss_feature: 3.6976 (3.6976)  loss_sep: 0.0145 (0.0145)  loss_quan: 0.3035 (0.3035)  time: 10.0498  data: 9.8518  max mem: 3597
2024-12-08 23:40:06,450 - log_every - INFO - Epoch: [7]  [11/12]  eta: 0:00:01  lr: 0.000100  loss_protop: 4.7969 (4.7902)  loss_feature: 3.6935 (3.6931)  loss_sep: 0.0065 (0.0081)  loss_quan: 0.3025 (0.3030)  time: 1.0053  data: 0.8558  max mem: 3597
2024-12-08 23:40:06,841 - log_every - INFO - Epoch: [7] Total time: 0:00:12 (1.0381 s / it)
2024-12-08 23:40:06,842 - evaluate - INFO - Start validation
2024-12-08 23:40:06,842 - evaluate - INFO - Radius: 2
2024-12-08 23:40:43,563 - evaluate - INFO - Evaluate V1: all_acc: 0.294 old_acc: 0.387 new_acc: 0.248
2024-12-08 23:40:43,572 - evaluate - INFO - Evaluate V2: all_acc: 0.243 old_acc: 0.281 new_acc: 0.224
2024-12-08 23:40:43,573 - main - INFO - Averaged stats:
2024-12-08 23:40:43,573 - main - INFO - {'lr': 9.98002884071386e-05, 'loss_protop': 4.790224671363831, 'loss_feature': 3.693142294883728, 'loss_sep': 0.008098958254170915, 'loss_quan': 0.3030192057291667}
2024-12-08 23:40:43,574 - train_and_evaluate - INFO - Start train one epoch
2024-12-08 23:40:54,584 - log_every - INFO - Epoch: [8]  [ 0/12]  eta: 0:02:12  lr: 0.000100  loss_protop: 4.7698 (4.7698)  loss_feature: 3.6969 (3.6969)  loss_sep: 0.0082 (0.0082)  loss_quan: 0.3005 (0.3005)  time: 11.0100  data: 10.5896  max mem: 3597
2024-12-08 23:40:56,631 - log_every - INFO - Epoch: [8]  [11/12]  eta: 0:00:01  lr: 0.000100  loss_protop: 4.7973 (4.8030)  loss_feature: 3.6845 (3.6857)  loss_sep: 0.0082 (0.0088)  loss_quan: 0.2939 (0.2953)  time: 1.0878  data: 0.9241  max mem: 3597
2024-12-08 23:40:57,059 - log_every - INFO - Epoch: [8] Total time: 0:00:13 (1.1237 s / it)
2024-12-08 23:40:57,059 - evaluate - INFO - Start validation
2024-12-08 23:40:57,060 - evaluate - INFO - Radius: 2
2024-12-08 23:41:33,730 - evaluate - INFO - Evaluate V1: all_acc: 0.295 old_acc: 0.399 new_acc: 0.243
2024-12-08 23:41:33,739 - evaluate - INFO - Evaluate V2: all_acc: 0.243 old_acc: 0.282 new_acc: 0.224
2024-12-08 23:41:33,740 - main - INFO - Averaged stats:
2024-12-08 23:41:33,740 - main - INFO - {'lr': 9.97282429954831e-05, 'loss_protop': 4.803000609079997, 'loss_feature': 3.68573659658432, 'loss_sep': 0.008756510176075002, 'loss_quan': 0.2952677408854167}
2024-12-08 23:41:33,741 - train_and_evaluate - INFO - Start train one epoch
2024-12-08 23:41:43,902 - log_every - INFO - Epoch: [9]  [ 0/12]  eta: 0:02:01  lr: 0.000100  loss_protop: 4.7655 (4.7655)  loss_feature: 3.6808 (3.6808)  loss_sep: 0.0015 (0.0015)  loss_quan: 0.2939 (0.2939)  time: 10.1609  data: 10.0025  max mem: 3597
2024-12-08 23:41:45,799 - log_every - INFO - Epoch: [9]  [11/12]  eta: 0:00:01  lr: 0.000100  loss_protop: 4.7655 (4.7701)  loss_feature: 3.6774 (3.6784)  loss_sep: 0.0041 (0.0041)  loss_quan: 0.2920 (0.2917)  time: 1.0017  data: 0.8631  max mem: 3597
2024-12-08 23:41:46,189 - log_every - INFO - Epoch: [9] Total time: 0:00:12 (1.0373 s / it)
2024-12-08 23:41:46,189 - evaluate - INFO - Start validation
2024-12-08 23:41:46,189 - evaluate - INFO - Radius: 2
2024-12-08 23:42:22,900 - evaluate - INFO - Evaluate V1: all_acc: 0.308 old_acc: 0.405 new_acc: 0.259
2024-12-08 23:42:22,909 - evaluate - INFO - Evaluate V2: all_acc: 0.252 old_acc: 0.288 new_acc: 0.234
2024-12-08 23:42:22,910 - main - INFO - Averaged stats:
2024-12-08 23:42:22,910 - main - INFO - {'lr': 9.964516155915147e-05, 'loss_protop': 4.770145018895467, 'loss_feature': 3.6784414251645408, 'loss_sep': 0.004143880136931936, 'loss_quan': 0.2917277018229167}
2024-12-08 23:42:22,911 - train_and_evaluate - INFO - Start train one epoch
2024-12-08 23:42:33,111 - log_every - INFO - Epoch: [10]  [ 0/12]  eta: 0:02:02  lr: 0.000100  loss_protop: 4.7729 (4.7729)  loss_feature: 3.6751 (3.6751)  loss_sep: 0.0024 (0.0024)  loss_quan: 0.2883 (0.2883)  time: 10.1993  data: 10.0103  max mem: 3597
2024-12-08 23:42:34,982 - log_every - INFO - Epoch: [10]  [11/12]  eta: 0:00:01  lr: 0.000100  loss_protop: 4.7270 (4.7646)  loss_feature: 3.6737 (3.6739)  loss_sep: 0.0033 (0.0031)  loss_quan: 0.2798 (0.2813)  time: 1.0056  data: 0.8621  max mem: 3597
2024-12-08 23:42:35,391 - log_every - INFO - Epoch: [10] Total time: 0:00:12 (1.0400 s / it)
2024-12-08 23:42:35,392 - evaluate - INFO - Start validation
2024-12-08 23:42:35,392 - evaluate - INFO - Radius: 2
2024-12-08 23:43:12,233 - evaluate - INFO - Evaluate V1: all_acc: 0.315 old_acc: 0.438 new_acc: 0.254
2024-12-08 23:43:12,242 - evaluate - INFO - Evaluate V2: all_acc: 0.259 old_acc: 0.320 new_acc: 0.229
2024-12-08 23:43:12,243 - main - INFO - Averaged stats:
2024-12-08 23:43:12,243 - main - INFO - {'lr': 9.95510645972451e-05, 'loss_protop': 4.764569163322449, 'loss_feature': 3.673946996529897, 'loss_sep': 0.003118489493620776, 'loss_quan': 0.2813313802083333}
2024-12-08 23:43:12,244 - train_and_evaluate - INFO - Start train one epoch
2024-12-08 23:43:21,988 - log_every - INFO - Epoch: [11]  [ 0/12]  eta: 0:01:56  lr: 0.000099  loss_protop: 4.7597 (4.7597)  loss_feature: 3.6715 (3.6715)  loss_sep: 0.0036 (0.0036)  loss_quan: 0.2749 (0.2749)  time: 9.7435  data: 9.5214  max mem: 3597
2024-12-08 23:43:24,343 - log_every - INFO - Epoch: [11]  [11/12]  eta: 0:00:01  lr: 0.000099  loss_protop: 4.6987 (4.7016)  loss_feature: 3.6692 (3.6693)  loss_sep: 0.0027 (0.0032)  loss_quan: 0.2700 (0.2709)  time: 1.0080  data: 0.8544  max mem: 3597
2024-12-08 23:43:24,741 - log_every - INFO - Epoch: [11] Total time: 0:00:12 (1.0414 s / it)
2024-12-08 23:43:24,741 - evaluate - INFO - Start validation
2024-12-08 23:43:24,742 - evaluate - INFO - Radius: 2
2024-12-08 23:44:01,623 - evaluate - INFO - Evaluate V1: all_acc: 0.314 old_acc: 0.422 new_acc: 0.260
2024-12-08 23:44:01,632 - evaluate - INFO - Evaluate V2: all_acc: 0.264 old_acc: 0.313 new_acc: 0.239
2024-12-08 23:44:01,633 - main - INFO - Averaged stats:
2024-12-08 23:44:01,634 - main - INFO - {'lr': 9.944597532678122e-05, 'loss_protop': 4.701642076174418, 'loss_feature': 3.6693044106165567, 'loss_sep': 0.003180338436626092, 'loss_quan': 0.2708740234375}
2024-12-08 23:44:01,634 - train_and_evaluate - INFO - Start train one epoch
2024-12-08 23:44:11,265 - log_every - INFO - Epoch: [12]  [ 0/12]  eta: 0:01:55  lr: 0.000099  loss_protop: 4.5712 (4.5712)  loss_feature: 3.6635 (3.6635)  loss_sep: 0.0052 (0.0052)  loss_quan: 0.2666 (0.2666)  time: 9.6302  data: 9.3859  max mem: 3597
2024-12-08 23:44:13,741 - log_every - INFO - Epoch: [12]  [11/12]  eta: 0:00:00  lr: 0.000099  loss_protop: 4.7290 (4.7322)  loss_feature: 3.6654 (3.6656)  loss_sep: 0.0027 (0.0030)  loss_quan: 0.2666 (0.2652)  time: 0.9999  data: 0.8412  max mem: 3597
2024-12-08 23:44:14,149 - log_every - INFO - Epoch: [12] Total time: 0:00:12 (1.0429 s / it)
2024-12-08 23:44:14,150 - evaluate - INFO - Start validation
2024-12-08 23:44:14,150 - evaluate - INFO - Radius: 2
2024-12-08 23:44:50,917 - evaluate - INFO - Evaluate V1: all_acc: 0.330 old_acc: 0.454 new_acc: 0.268
2024-12-08 23:44:50,926 - evaluate - INFO - Evaluate V2: all_acc: 0.271 old_acc: 0.332 new_acc: 0.240
2024-12-08 23:44:50,927 - main - INFO - Averaged stats:
2024-12-08 23:44:50,927 - main - INFO - {'lr': 9.93299196769648e-05, 'loss_protop': 4.732180992762248, 'loss_feature': 3.6656234661738076, 'loss_sep': 0.0030175780684658093, 'loss_quan': 0.26519775390625}
2024-12-08 23:44:50,928 - train_and_evaluate - INFO - Start train one epoch
2024-12-08 23:45:01,080 - log_every - INFO - Epoch: [13]  [ 0/12]  eta: 0:02:01  lr: 0.000099  loss_protop: 4.6415 (4.6415)  loss_feature: 3.6617 (3.6617)  loss_sep: 0.0079 (0.0079)  loss_quan: 0.2607 (0.2607)  time: 10.1521  data: 9.9588  max mem: 3597
2024-12-08 23:45:03,002 - log_every - INFO - Epoch: [13]  [11/12]  eta: 0:00:01  lr: 0.000099  loss_protop: 4.6750 (4.6948)  loss_feature: 3.6620 (3.6632)  loss_sep: 0.0012 (0.0023)  loss_quan: 0.2585 (0.2590)  time: 1.0060  data: 0.8625  max mem: 3597
2024-12-08 23:45:03,413 - log_every - INFO - Epoch: [13] Total time: 0:00:12 (1.0404 s / it)
2024-12-08 23:45:03,413 - evaluate - INFO - Start validation
2024-12-08 23:45:03,413 - evaluate - INFO - Radius: 2
2024-12-08 23:45:40,267 - evaluate - INFO - Evaluate V1: all_acc: 0.339 old_acc: 0.478 new_acc: 0.270
2024-12-08 23:45:40,276 - evaluate - INFO - Evaluate V2: all_acc: 0.284 old_acc: 0.357 new_acc: 0.248
2024-12-08 23:45:40,277 - main - INFO - Averaged stats:
2024-12-08 23:45:40,277 - main - INFO - {'lr': 9.920292628279099e-05, 'loss_protop': 4.694783488909404, 'loss_feature': 3.6631712714831033, 'loss_sep': 0.0022786457848269492, 'loss_quan': 0.2590128580729167}
2024-12-08 23:45:40,278 - train_and_evaluate - INFO - Start train one epoch
2024-12-08 23:45:50,246 - log_every - INFO - Epoch: [14]  [ 0/12]  eta: 0:01:59  lr: 0.000099  loss_protop: 4.6295 (4.6295)  loss_feature: 3.6602 (3.6602)  loss_sep: 0.0019 (0.0019)  loss_quan: 0.2559 (0.2559)  time: 9.9671  data: 9.7129  max mem: 3597
2024-12-08 23:45:52,410 - log_every - INFO - Epoch: [14]  [11/12]  eta: 0:00:01  lr: 0.000099  loss_protop: 4.6401 (4.6525)  loss_feature: 3.6611 (3.6615)  loss_sep: 0.0025 (0.0033)  loss_quan: 0.2502 (0.2516)  time: 1.0108  data: 0.8549  max mem: 3597
2024-12-08 23:45:52,806 - log_every - INFO - Epoch: [14] Total time: 0:00:12 (1.0440 s / it)
2024-12-08 23:45:52,807 - evaluate - INFO - Start validation
2024-12-08 23:45:52,807 - evaluate - INFO - Radius: 2
2024-12-08 23:46:29,615 - evaluate - INFO - Evaluate V1: all_acc: 0.346 old_acc: 0.482 new_acc: 0.278
2024-12-08 23:46:29,624 - evaluate - INFO - Evaluate V2: all_acc: 0.284 old_acc: 0.350 new_acc: 0.252
2024-12-08 23:46:29,625 - main - INFO - Averaged stats:
2024-12-08 23:46:29,626 - main - INFO - {'lr': 9.906502647797948e-05, 'loss_protop': 4.652520060539246, 'loss_feature': 3.661529024442037, 'loss_sep': 0.0033496093625823655, 'loss_quan': 0.2516276041666667}
2024-12-08 23:46:29,626 - train_and_evaluate - INFO - Start train one epoch
2024-12-08 23:46:39,743 - log_every - INFO - Epoch: [15]  [ 0/12]  eta: 0:02:01  lr: 0.000099  loss_protop: 4.5835 (4.5835)  loss_feature: 3.6580 (3.6580)  loss_sep: 0.0009 (0.0009)  loss_quan: 0.2474 (0.2474)  time: 10.1165  data: 9.9149  max mem: 3597
2024-12-08 23:46:41,792 - log_every - INFO - Epoch: [15]  [11/12]  eta: 0:00:01  lr: 0.000099  loss_protop: 4.6366 (4.6634)  loss_feature: 3.6606 (3.6606)  loss_sep: 0.0014 (0.0018)  loss_quan: 0.2430 (0.2433)  time: 1.0136  data: 0.8684  max mem: 3597
2024-12-08 23:46:42,198 - log_every - INFO - Epoch: [15] Total time: 0:00:12 (1.0476 s / it)
2024-12-08 23:46:42,198 - evaluate - INFO - Start validation
2024-12-08 23:46:42,199 - evaluate - INFO - Radius: 2
2024-12-08 23:47:19,183 - evaluate - INFO - Evaluate V1: all_acc: 0.338 old_acc: 0.478 new_acc: 0.268
2024-12-08 23:47:19,192 - evaluate - INFO - Evaluate V2: all_acc: 0.283 old_acc: 0.354 new_acc: 0.247
2024-12-08 23:47:19,193 - main - INFO - Averaged stats:
2024-12-08 23:47:19,194 - main - INFO - {'lr': 9.891625428724365e-05, 'loss_protop': 4.663414319356282, 'loss_feature': 3.660555879275004, 'loss_sep': 0.00175130204782666, 'loss_quan': 0.243255615234375}
2024-12-08 23:47:19,194 - train_and_evaluate - INFO - Start train one epoch
2024-12-08 23:47:28,953 - log_every - INFO - Epoch: [16]  [ 0/12]  eta: 0:01:57  lr: 0.000099  loss_protop: 4.5358 (4.5358)  loss_feature: 3.6591 (3.6591)  loss_sep: 0.0021 (0.0021)  loss_quan: 0.2377 (0.2377)  time: 9.7585  data: 9.5566  max mem: 3597
2024-12-08 23:47:31,267 - log_every - INFO - Epoch: [16]  [11/12]  eta: 0:00:01  lr: 0.000099  loss_protop: 4.6232 (4.6355)  loss_feature: 3.6581 (3.6581)  loss_sep: 0.0021 (0.0026)  loss_quan: 0.2346 (0.2349)  time: 1.0055  data: 0.8602  max mem: 3597
2024-12-08 23:47:31,664 - log_every - INFO - Epoch: [16] Total time: 0:00:12 (1.0391 s / it)
2024-12-08 23:47:31,664 - evaluate - INFO - Start validation
2024-12-08 23:47:31,665 - evaluate - INFO - Radius: 2
2024-12-08 23:48:08,344 - evaluate - INFO - Evaluate V1: all_acc: 0.353 old_acc: 0.502 new_acc: 0.278
2024-12-08 23:48:08,354 - evaluate - INFO - Evaluate V2: all_acc: 0.285 old_acc: 0.376 new_acc: 0.240
2024-12-08 23:48:08,355 - main - INFO - Averaged stats:
2024-12-08 23:48:08,355 - main - INFO - {'lr': 9.875664641789546e-05, 'loss_protop': 4.635499159495036, 'loss_feature': 3.6580897768338523, 'loss_sep': 0.00257812489871867, 'loss_quan': 0.23492431640625}
2024-12-08 23:48:08,355 - train_and_evaluate - INFO - Start train one epoch
2024-12-08 23:48:18,381 - log_every - INFO - Epoch: [17]  [ 0/12]  eta: 0:02:00  lr: 0.000099  loss_protop: 4.5996 (4.5996)  loss_feature: 3.6564 (3.6564)  loss_sep: 0.0005 (0.0005)  loss_quan: 0.2327 (0.2327)  time: 10.0248  data: 9.8659  max mem: 3597
2024-12-08 23:48:20,445 - log_every - INFO - Epoch: [17]  [11/12]  eta: 0:00:01  lr: 0.000099  loss_protop: 4.6478 (4.6547)  loss_feature: 3.6564 (3.6570)  loss_sep: 0.0015 (0.0017)  loss_quan: 0.2279 (0.2281)  time: 1.0040  data: 0.8561  max mem: 3597
2024-12-08 23:48:20,845 - log_every - INFO - Epoch: [17] Total time: 0:00:12 (1.0408 s / it)
2024-12-08 23:48:20,846 - evaluate - INFO - Start validation
2024-12-08 23:48:20,846 - evaluate - INFO - Radius: 2
2024-12-08 23:48:57,558 - evaluate - INFO - Evaluate V1: all_acc: 0.378 old_acc: 0.548 new_acc: 0.293
2024-12-08 23:48:57,567 - evaluate - INFO - Evaluate V2: all_acc: 0.306 old_acc: 0.396 new_acc: 0.261
2024-12-08 23:48:57,568 - main - INFO - Averaged stats:
2024-12-08 23:48:57,569 - main - INFO - {'lr': 9.858624225078841e-05, 'loss_protop': 4.654680212338765, 'loss_feature': 3.656990905602773, 'loss_sep': 0.001715494732100827, 'loss_quan': 0.2281494140625}
2024-12-08 23:48:57,569 - train_and_evaluate - INFO - Start train one epoch
2024-12-08 23:49:07,474 - log_every - INFO - Epoch: [18]  [ 0/12]  eta: 0:01:58  lr: 0.000098  loss_protop: 4.4678 (4.4678)  loss_feature: 3.6541 (3.6541)  loss_sep: 0.0023 (0.0023)  loss_quan: 0.2217 (0.2217)  time: 9.9043  data: 9.7041  max mem: 3597
2024-12-08 23:49:09,653 - log_every - INFO - Epoch: [18]  [11/12]  eta: 0:00:01  lr: 0.000098  loss_protop: 4.5630 (4.5740)  loss_feature: 3.6541 (3.6552)  loss_sep: 0.0013 (0.0019)  loss_quan: 0.2188 (0.2190)  time: 1.0067  data: 0.8616  max mem: 3597
2024-12-08 23:49:10,043 - log_every - INFO - Epoch: [18] Total time: 0:00:12 (1.0395 s / it)
2024-12-08 23:49:10,044 - evaluate - INFO - Start validation
2024-12-08 23:49:10,044 - evaluate - INFO - Radius: 2
2024-12-08 23:49:46,845 - evaluate - INFO - Evaluate V1: all_acc: 0.385 old_acc: 0.556 new_acc: 0.300
2024-12-08 23:49:46,856 - evaluate - INFO - Evaluate V2: all_acc: 0.318 old_acc: 0.415 new_acc: 0.270
2024-12-08 23:49:46,857 - main - INFO - Averaged stats:
2024-12-08 23:49:46,857 - main - INFO - {'lr': 9.840508383060087e-05, 'loss_protop': 4.574049512545268, 'loss_feature': 3.655186116695404, 'loss_sep': 0.0018749999532398458, 'loss_quan': 0.219024658203125}
2024-12-08 23:49:46,858 - train_and_evaluate - INFO - Start train one epoch
2024-12-08 23:49:56,967 - log_every - INFO - Epoch: [19]  [ 0/12]  eta: 0:02:01  lr: 0.000098  loss_protop: 4.5440 (4.5440)  loss_feature: 3.6526 (3.6526)  loss_sep: 0.0021 (0.0021)  loss_quan: 0.2166 (0.2166)  time: 10.1084  data: 9.9134  max mem: 3597
2024-12-08 23:49:58,948 - log_every - INFO - Epoch: [19]  [11/12]  eta: 0:00:01  lr: 0.000098  loss_protop: 4.5507 (4.5505)  loss_feature: 3.6536 (3.6540)  loss_sep: 0.0018 (0.0018)  loss_quan: 0.2128 (0.2133)  time: 1.0073  data: 0.8600  max mem: 3597
2024-12-08 23:49:59,353 - log_every - INFO - Epoch: [19] Total time: 0:00:12 (1.0412 s / it)
2024-12-08 23:49:59,353 - evaluate - INFO - Start validation
2024-12-08 23:49:59,353 - evaluate - INFO - Radius: 2
2024-12-08 23:50:36,214 - evaluate - INFO - Evaluate V1: all_acc: 0.384 old_acc: 0.557 new_acc: 0.297
2024-12-08 23:50:36,224 - evaluate - INFO - Evaluate V2: all_acc: 0.318 old_acc: 0.411 new_acc: 0.271
2024-12-08 23:50:36,225 - main - INFO - Averaged stats:
2024-12-08 23:50:36,226 - main - INFO - {'lr': 9.821321585546241e-05, 'loss_protop': 4.550483226776123, 'loss_feature': 3.654025157292684, 'loss_sep': 0.0018489582938248834, 'loss_quan': 0.21331787109375}
2024-12-08 23:50:36,226 - train_and_evaluate - INFO - Start train one epoch
2024-12-08 23:50:46,189 - log_every - INFO - Epoch: [20]  [ 0/12]  eta: 0:01:59  lr: 0.000098  loss_protop: 4.5434 (4.5434)  loss_feature: 3.6552 (3.6552)  loss_sep: 0.0004 (0.0004)  loss_quan: 0.2100 (0.2100)  time: 9.9618  data: 9.7924  max mem: 3597
2024-12-08 23:50:48,307 - log_every - INFO - Epoch: [20]  [11/12]  eta: 0:00:01  lr: 0.000098  loss_protop: 4.5434 (4.5344)  loss_feature: 3.6537 (3.6540)  loss_sep: 0.0009 (0.0013)  loss_quan: 0.2058 (0.2064)  time: 1.0038  data: 0.8629  max mem: 3597
2024-12-08 23:50:48,704 - log_every - INFO - Epoch: [20] Total time: 0:00:12 (1.0398 s / it)
2024-12-08 23:50:48,704 - evaluate - INFO - Start validation
2024-12-08 23:50:48,704 - evaluate - INFO - Radius: 2
2024-12-08 23:51:25,557 - evaluate - INFO - Evaluate V1: all_acc: 0.388 old_acc: 0.558 new_acc: 0.302
2024-12-08 23:51:25,568 - evaluate - INFO - Evaluate V2: all_acc: 0.312 old_acc: 0.398 new_acc: 0.269
2024-12-08 23:51:25,569 - main - INFO - Averaged stats:
2024-12-08 23:51:25,569 - main - INFO - {'lr': 9.801068566592481e-05, 'loss_protop': 4.534386157989502, 'loss_feature': 3.653959115346273, 'loss_sep': 0.0012662760079062234, 'loss_quan': 0.20638020833333334}
2024-12-08 23:51:25,570 - train_and_evaluate - INFO - Start train one epoch
2024-12-08 23:51:35,312 - log_every - INFO - Epoch: [21]  [ 0/12]  eta: 0:01:56  lr: 0.000098  loss_protop: 4.4196 (4.4196)  loss_feature: 3.6519 (3.6519)  loss_sep: 0.0005 (0.0005)  loss_quan: 0.2031 (0.2031)  time: 9.7412  data: 9.4892  max mem: 3597
2024-12-08 23:51:37,655 - log_every - INFO - Epoch: [21]  [11/12]  eta: 0:00:01  lr: 0.000098  loss_protop: 4.4549 (4.4700)  loss_feature: 3.6522 (3.6527)  loss_sep: 0.0011 (0.0011)  loss_quan: 0.1996 (0.1995)  time: 1.0063  data: 0.8487  max mem: 3597
2024-12-08 23:51:38,064 - log_every - INFO - Epoch: [21] Total time: 0:00:12 (1.0412 s / it)
2024-12-08 23:51:38,066 - evaluate - INFO - Start validation
2024-12-08 23:51:38,066 - evaluate - INFO - Radius: 2
