2024-12-08 23:40:01,768 - main - INFO - Start running with args: 
Namespace(batch_size=128, img_size=224, prototype_shape=[2000, 192, 1, 1], prototype_activation_function='log', add_on_layers_type='regular', use_global=True, global_proto_per_class=10, epochs=200, save_ep_freq=10, hash_code_length=16, prototype_dim=768, alpha=0.1, beta=3.0, model_ema=True, model_ema_decay=0.99996, model_ema_force_cpu=False, opt='adamw', opt_eps=1e-08, opt_betas=None, clip_grad=None, momentum=0.9, weight_decay=0.05, sched='cosine', features_lr=0.0001, add_on_layers_lr=0.001, prototype_vectors_lr=0.001, lr_noise=None, lr_noise_pct=0.67, lr_noise_std=1.0, warmup_lr=0.0001, min_lr=1e-05, decay_epochs=10, warmup_epochs=5, cooldown_epochs=10, patience_epochs=10, decay_rate=0.1, prop_train_labels=0.5, mask_theta=0.1, labeled_nums=0, unlabeled_nums=0, data_set='cub', output_dir='exp//cub/cub_iscap_codelength(16)_seed(1028)', device='cuda', seed=1028, resume='', start_epoch=0, eval=False, num_workers=10, pin_mem=True, data_root='/leonardo_work/IscrC_Fed-GCD/GCD_datasets/CUB', pretrain_path='/leonardo_work/IscrC_Fed-GCD/GCD_datasets/dino/dino_vitbase16_pretrain.pth')
2024-12-08 23:40:06,038 - main - INFO - train 1498 test: 2884
2024-12-08 23:40:06,038 - main - INFO - test_dataset_unlabelled: 4496
2024-12-08 23:40:08,355 - main - INFO - number of params: 14746912
2024-12-08 23:40:08,356 - main - INFO - Start training for 200 epochs
2024-12-08 23:40:08,356 - train_and_evaluate - INFO - Start train one epoch
2024-12-08 23:40:26,777 - log_every - INFO - Epoch: [0]  [ 0/12]  eta: 0:03:40  lr: 0.000100  loss_protop: 5.1407 (5.1407)  loss_feature: 4.6332 (4.6332)  loss_sep: 0.0000 (0.0000)  loss_quan: 0.5898 (0.5898)  time: 18.4166  data: 11.9784  max mem: 3428
2024-12-08 23:40:28,018 - log_every - INFO - Epoch: [0]  [11/12]  eta: 0:00:01  lr: 0.000100  loss_protop: 4.8817 (4.9314)  loss_feature: 4.2584 (4.3262)  loss_sep: 0.0000 (0.0002)  loss_quan: 0.4768 (0.4941)  time: 1.6381  data: 0.9982  max mem: 3597
2024-12-08 23:40:28,170 - log_every - INFO - Epoch: [0] Total time: 0:00:19 (1.6511 s / it)
2024-12-08 23:40:28,174 - evaluate - INFO - Start validation
2024-12-08 23:40:28,174 - evaluate - INFO - Radius: 2
2024-12-08 23:41:06,456 - evaluate - INFO - test len(list(set(preds1))): 292 len(preds): 4496
2024-12-08 23:41:06,457 - evaluate - INFO - Evaluate V1: all_acc: 0.179 old_acc: 0.209 new_acc: 0.163
2024-12-08 23:41:06,464 - evaluate - INFO - Evaluate V2: all_acc: 0.138 old_acc: 0.103 new_acc: 0.155
2024-12-08 23:41:06,465 - main - INFO - Averaged stats:
2024-12-08 23:41:06,465 - main - INFO - {'lr': 0.00010000000000000003, 'loss_protop': 4.93143645922343, 'loss_feature': 4.326225399971008, 'loss_sep': 0.00024739583022892475, 'loss_quan': 0.4941202799479167}
2024-12-08 23:41:06,466 - train_and_evaluate - INFO - Start train one epoch
2024-12-08 23:41:16,278 - log_every - INFO - Epoch: [1]  [ 0/12]  eta: 0:01:57  lr: 0.000100  loss_protop: 4.7897 (4.7897)  loss_feature: 3.9479 (3.9479)  loss_sep: 0.0116 (0.0116)  loss_quan: 0.3948 (0.3948)  time: 9.8110  data: 9.6451  max mem: 3597
2024-12-08 23:41:18,410 - log_every - INFO - Epoch: [1]  [11/12]  eta: 0:00:00  lr: 0.000100  loss_protop: 4.8840 (4.8957)  loss_feature: 3.8845 (3.8928)  loss_sep: 0.0428 (0.0406)  loss_quan: 0.3538 (0.3621)  time: 0.9952  data: 0.8449  max mem: 3597
2024-12-08 23:41:18,755 - log_every - INFO - Epoch: [1] Total time: 0:00:12 (1.0240 s / it)
2024-12-08 23:41:18,755 - evaluate - INFO - Start validation
2024-12-08 23:41:18,755 - evaluate - INFO - Radius: 2
2024-12-08 23:41:55,025 - evaluate - INFO - test len(list(set(preds1))): 267 len(preds): 4496
2024-12-08 23:41:55,025 - evaluate - INFO - Evaluate V1: all_acc: 0.218 old_acc: 0.259 new_acc: 0.198
2024-12-08 23:41:55,032 - evaluate - INFO - Evaluate V2: all_acc: 0.172 old_acc: 0.153 new_acc: 0.181
2024-12-08 23:41:55,033 - main - INFO - Averaged stats:
2024-12-08 23:41:55,033 - main - INFO - {'lr': 0.00010000000000000003, 'loss_protop': 4.895740906397502, 'loss_feature': 3.8928412199020386, 'loss_sep': 0.04061523328224818, 'loss_quan': 0.3620808919270833}
2024-12-08 23:41:55,034 - train_and_evaluate - INFO - Start train one epoch
2024-12-08 23:42:04,661 - log_every - INFO - Epoch: [2]  [ 0/12]  eta: 0:01:55  lr: 0.000100  loss_protop: 5.0432 (5.0432)  loss_feature: 3.8183 (3.8183)  loss_sep: 0.0265 (0.0265)  loss_quan: 0.3479 (0.3479)  time: 9.6265  data: 9.4584  max mem: 3597
2024-12-08 23:42:06,861 - log_every - INFO - Epoch: [2]  [11/12]  eta: 0:00:00  lr: 0.000100  loss_protop: 4.8858 (4.8989)  loss_feature: 3.7928 (3.7944)  loss_sep: 0.0213 (0.0254)  loss_quan: 0.3457 (0.3449)  time: 0.9854  data: 0.8395  max mem: 3597
2024-12-08 23:42:07,166 - log_every - INFO - Epoch: [2] Total time: 0:00:12 (1.0110 s / it)
2024-12-08 23:42:07,166 - evaluate - INFO - Start validation
2024-12-08 23:42:07,167 - evaluate - INFO - Radius: 2
2024-12-08 23:42:43,522 - evaluate - INFO - test len(list(set(preds1))): 261 len(preds): 4496
2024-12-08 23:42:43,522 - evaluate - INFO - Evaluate V1: all_acc: 0.252 old_acc: 0.300 new_acc: 0.228
2024-12-08 23:42:43,529 - evaluate - INFO - Evaluate V2: all_acc: 0.199 old_acc: 0.181 new_acc: 0.208
2024-12-08 23:42:43,530 - main - INFO - Averaged stats:
2024-12-08 23:42:43,530 - main - INFO - {'lr': 0.00010000000000000003, 'loss_protop': 4.898945013682048, 'loss_feature': 3.794422149658203, 'loss_sep': 0.02543945253516237, 'loss_quan': 0.3448893229166667}
2024-12-08 23:42:43,531 - train_and_evaluate - INFO - Start train one epoch
2024-12-08 23:42:52,995 - log_every - INFO - Epoch: [3]  [ 0/12]  eta: 0:01:53  lr: 0.000100  loss_protop: 4.9485 (4.9485)  loss_feature: 3.7557 (3.7557)  loss_sep: 0.0189 (0.0189)  loss_quan: 0.3345 (0.3345)  time: 9.4637  data: 9.2512  max mem: 3597
2024-12-08 23:42:55,376 - log_every - INFO - Epoch: [3]  [11/12]  eta: 0:00:00  lr: 0.000100  loss_protop: 4.8805 (4.8868)  loss_feature: 3.7526 (3.7537)  loss_sep: 0.0150 (0.0170)  loss_quan: 0.3228 (0.3244)  time: 0.9869  data: 0.8361  max mem: 3597
2024-12-08 23:42:55,685 - log_every - INFO - Epoch: [3] Total time: 0:00:12 (1.0128 s / it)
2024-12-08 23:42:55,685 - evaluate - INFO - Start validation
2024-12-08 23:42:55,685 - evaluate - INFO - Radius: 2
2024-12-08 23:43:32,034 - evaluate - INFO - test len(list(set(preds1))): 292 len(preds): 4496
2024-12-08 23:43:32,035 - evaluate - INFO - Evaluate V1: all_acc: 0.259 old_acc: 0.327 new_acc: 0.225
2024-12-08 23:43:32,042 - evaluate - INFO - Evaluate V2: all_acc: 0.212 old_acc: 0.223 new_acc: 0.206
2024-12-08 23:43:32,043 - main - INFO - Averaged stats:
2024-12-08 23:43:32,043 - main - INFO - {'lr': 0.00010000000000000003, 'loss_protop': 4.886828382809957, 'loss_feature': 3.753702720006307, 'loss_sep': 0.01703124970663339, 'loss_quan': 0.3243611653645833}
2024-12-08 23:43:32,044 - train_and_evaluate - INFO - Start train one epoch
2024-12-08 23:43:41,715 - log_every - INFO - Epoch: [4]  [ 0/12]  eta: 0:01:56  lr: 0.000100  loss_protop: 4.7834 (4.7834)  loss_feature: 3.7263 (3.7263)  loss_sep: 0.0152 (0.0152)  loss_quan: 0.3174 (0.3174)  time: 9.6708  data: 9.5029  max mem: 3597
2024-12-08 23:43:43,881 - log_every - INFO - Epoch: [4]  [11/12]  eta: 0:00:00  lr: 0.000100  loss_protop: 4.8233 (4.8542)  loss_feature: 3.7271 (3.7280)  loss_sep: 0.0104 (0.0105)  loss_quan: 0.3123 (0.3122)  time: 0.9863  data: 0.8469  max mem: 3597
2024-12-08 23:43:44,191 - log_every - INFO - Epoch: [4] Total time: 0:00:12 (1.0122 s / it)
2024-12-08 23:43:44,192 - evaluate - INFO - Start validation
2024-12-08 23:43:44,192 - evaluate - INFO - Radius: 2
2024-12-08 23:44:20,674 - evaluate - INFO - test len(list(set(preds1))): 287 len(preds): 4496
2024-12-08 23:44:20,674 - evaluate - INFO - Evaluate V1: all_acc: 0.291 old_acc: 0.358 new_acc: 0.258
2024-12-08 23:44:20,682 - evaluate - INFO - Evaluate V2: all_acc: 0.232 old_acc: 0.221 new_acc: 0.238
2024-12-08 23:44:20,683 - main - INFO - Averaged stats:
2024-12-08 23:44:20,684 - main - INFO - {'lr': 0.00010000000000000003, 'loss_protop': 4.854152838389079, 'loss_feature': 3.7280321518580117, 'loss_sep': 0.010475260166761776, 'loss_quan': 0.3122151692708333}
2024-12-08 23:44:20,684 - train_and_evaluate - INFO - Start train one epoch
2024-12-08 23:44:30,426 - log_every - INFO - Epoch: [5]  [ 0/12]  eta: 0:01:56  lr: 0.000100  loss_protop: 4.8838 (4.8838)  loss_feature: 3.7157 (3.7157)  loss_sep: 0.0109 (0.0109)  loss_quan: 0.3047 (0.3047)  time: 9.7406  data: 9.5745  max mem: 3597
2024-12-08 23:44:32,574 - log_every - INFO - Epoch: [5]  [11/12]  eta: 0:00:00  lr: 0.000100  loss_protop: 4.8348 (4.8333)  loss_feature: 3.7120 (3.7132)  loss_sep: 0.0070 (0.0081)  loss_quan: 0.3059 (0.3044)  time: 0.9907  data: 0.8457  max mem: 3597
2024-12-08 23:44:32,890 - log_every - INFO - Epoch: [5] Total time: 0:00:12 (1.0172 s / it)
2024-12-08 23:44:32,891 - evaluate - INFO - Start validation
2024-12-08 23:44:32,891 - evaluate - INFO - Radius: 2
2024-12-08 23:45:09,547 - evaluate - INFO - test len(list(set(preds1))): 306 len(preds): 4496
2024-12-08 23:45:09,548 - evaluate - INFO - Evaluate V1: all_acc: 0.272 old_acc: 0.352 new_acc: 0.232
2024-12-08 23:45:09,555 - evaluate - INFO - Evaluate V2: all_acc: 0.225 old_acc: 0.257 new_acc: 0.209
2024-12-08 23:45:09,557 - main - INFO - Averaged stats:
2024-12-08 23:45:09,557 - main - INFO - {'lr': 0.00010000000000000003, 'loss_protop': 4.833334724108378, 'loss_feature': 3.7132166624069214, 'loss_sep': 0.008082682034000754, 'loss_quan': 0.3044026692708333}
2024-12-08 23:45:09,557 - train_and_evaluate - INFO - Start train one epoch
2024-12-08 23:45:19,077 - log_every - INFO - Epoch: [6]  [ 0/12]  eta: 0:01:54  lr: 0.000100  loss_protop: 4.7456 (4.7456)  loss_feature: 3.7032 (3.7032)  loss_sep: 0.0089 (0.0089)  loss_quan: 0.2971 (0.2971)  time: 9.5187  data: 9.3256  max mem: 3597
2024-12-08 23:45:21,417 - log_every - INFO - Epoch: [6]  [11/12]  eta: 0:00:00  lr: 0.000100  loss_protop: 4.8035 (4.8146)  loss_feature: 3.7032 (3.7025)  loss_sep: 0.0106 (0.0110)  loss_quan: 0.2952 (0.2948)  time: 0.9882  data: 0.8415  max mem: 3597
2024-12-08 23:45:21,741 - log_every - INFO - Epoch: [6] Total time: 0:00:12 (1.0153 s / it)
2024-12-08 23:45:21,742 - evaluate - INFO - Start validation
2024-12-08 23:45:21,742 - evaluate - INFO - Radius: 2
2024-12-08 23:45:58,291 - evaluate - INFO - test len(list(set(preds1))): 309 len(preds): 4496
2024-12-08 23:45:58,292 - evaluate - INFO - Evaluate V1: all_acc: 0.292 old_acc: 0.378 new_acc: 0.250
2024-12-08 23:45:58,299 - evaluate - INFO - Evaluate V2: all_acc: 0.242 old_acc: 0.258 new_acc: 0.234
2024-12-08 23:45:58,300 - main - INFO - Averaged stats:
2024-12-08 23:45:58,300 - main - INFO - {'lr': 9.986128001799077e-05, 'loss_protop': 4.814593354860942, 'loss_feature': 3.702548563480377, 'loss_sep': 0.011009114251161614, 'loss_quan': 0.2948404947916667}
2024-12-08 23:45:58,301 - train_and_evaluate - INFO - Start train one epoch
2024-12-08 23:46:07,803 - log_every - INFO - Epoch: [7]  [ 0/12]  eta: 0:01:54  lr: 0.000100  loss_protop: 4.9223 (4.9223)  loss_feature: 3.6919 (3.6919)  loss_sep: 0.0077 (0.0077)  loss_quan: 0.2969 (0.2969)  time: 9.5016  data: 9.2346  max mem: 3597
2024-12-08 23:46:10,255 - log_every - INFO - Epoch: [7]  [11/12]  eta: 0:00:00  lr: 0.000100  loss_protop: 4.7466 (4.7778)  loss_feature: 3.6919 (3.6920)  loss_sep: 0.0061 (0.0058)  loss_quan: 0.2932 (0.2928)  time: 0.9960  data: 0.8443  max mem: 3597
2024-12-08 23:46:10,604 - log_every - INFO - Epoch: [7] Total time: 0:00:12 (1.0252 s / it)
2024-12-08 23:46:10,604 - evaluate - INFO - Start validation
2024-12-08 23:46:10,604 - evaluate - INFO - Radius: 2
2024-12-08 23:46:47,135 - evaluate - INFO - test len(list(set(preds1))): 310 len(preds): 4496
2024-12-08 23:46:47,135 - evaluate - INFO - Evaluate V1: all_acc: 0.307 old_acc: 0.376 new_acc: 0.272
2024-12-08 23:46:47,143 - evaluate - INFO - Evaluate V2: all_acc: 0.258 old_acc: 0.266 new_acc: 0.254
2024-12-08 23:46:47,144 - main - INFO - Averaged stats:
2024-12-08 23:46:47,144 - main - INFO - {'lr': 9.98002884071386e-05, 'loss_protop': 4.777833779652913, 'loss_feature': 3.6920058727264404, 'loss_sep': 0.005781249861077716, 'loss_quan': 0.2927652994791667}
2024-12-08 23:46:47,145 - train_and_evaluate - INFO - Start train one epoch
2024-12-08 23:46:57,841 - log_every - INFO - Epoch: [8]  [ 0/12]  eta: 0:02:08  lr: 0.000100  loss_protop: 4.7879 (4.7879)  loss_feature: 3.6851 (3.6851)  loss_sep: 0.0081 (0.0081)  loss_quan: 0.2866 (0.2866)  time: 10.6956  data: 10.2209  max mem: 3597
2024-12-08 23:46:59,995 - log_every - INFO - Epoch: [8]  [11/12]  eta: 0:00:01  lr: 0.000100  loss_protop: 4.7278 (4.7333)  loss_feature: 3.6831 (3.6838)  loss_sep: 0.0058 (0.0053)  loss_quan: 0.2837 (0.2836)  time: 1.0707  data: 0.9007  max mem: 3597
2024-12-08 23:47:00,355 - log_every - INFO - Epoch: [8] Total time: 0:00:13 (1.1008 s / it)
2024-12-08 23:47:00,355 - evaluate - INFO - Start validation
2024-12-08 23:47:00,355 - evaluate - INFO - Radius: 2
2024-12-08 23:47:37,044 - evaluate - INFO - test len(list(set(preds1))): 328 len(preds): 4496
2024-12-08 23:47:37,044 - evaluate - INFO - Evaluate V1: all_acc: 0.314 old_acc: 0.416 new_acc: 0.263
2024-12-08 23:47:37,053 - evaluate - INFO - Evaluate V2: all_acc: 0.268 old_acc: 0.308 new_acc: 0.247
2024-12-08 23:47:37,054 - main - INFO - Averaged stats:
2024-12-08 23:47:37,054 - main - INFO - {'lr': 9.97282429954831e-05, 'loss_protop': 4.733309388160706, 'loss_feature': 3.6838261683781943, 'loss_sep': 0.005315755076784019, 'loss_quan': 0.28363037109375}
2024-12-08 23:47:37,055 - train_and_evaluate - INFO - Start train one epoch
2024-12-08 23:47:46,646 - log_every - INFO - Epoch: [9]  [ 0/12]  eta: 0:01:55  lr: 0.000100  loss_protop: 4.7516 (4.7516)  loss_feature: 3.6810 (3.6810)  loss_sep: 0.0023 (0.0023)  loss_quan: 0.2793 (0.2793)  time: 9.5905  data: 9.3919  max mem: 3597
2024-12-08 23:47:48,942 - log_every - INFO - Epoch: [9]  [11/12]  eta: 0:00:00  lr: 0.000100  loss_protop: 4.7257 (4.7625)  loss_feature: 3.6783 (3.6786)  loss_sep: 0.0049 (0.0050)  loss_quan: 0.2773 (0.2766)  time: 0.9905  data: 0.8434  max mem: 3597
2024-12-08 23:47:49,259 - log_every - INFO - Epoch: [9] Total time: 0:00:12 (1.0170 s / it)
2024-12-08 23:47:49,260 - evaluate - INFO - Start validation
2024-12-08 23:47:49,260 - evaluate - INFO - Radius: 2
2024-12-08 23:48:25,672 - evaluate - INFO - test len(list(set(preds1))): 310 len(preds): 4496
2024-12-08 23:48:25,673 - evaluate - INFO - Evaluate V1: all_acc: 0.328 old_acc: 0.420 new_acc: 0.282
2024-12-08 23:48:25,680 - evaluate - INFO - Evaluate V2: all_acc: 0.266 old_acc: 0.266 new_acc: 0.266
2024-12-08 23:48:25,681 - main - INFO - Averaged stats:
2024-12-08 23:48:25,681 - main - INFO - {'lr': 9.964516155915147e-05, 'loss_protop': 4.762525637944539, 'loss_feature': 3.678594172000885, 'loss_sep': 0.005003255061941066, 'loss_quan': 0.2765706380208333}
2024-12-08 23:48:25,682 - train_and_evaluate - INFO - Start train one epoch
2024-12-08 23:48:35,162 - log_every - INFO - Epoch: [10]  [ 0/12]  eta: 0:01:53  lr: 0.000100  loss_protop: 4.7889 (4.7889)  loss_feature: 3.6741 (3.6741)  loss_sep: 0.0057 (0.0057)  loss_quan: 0.2715 (0.2715)  time: 9.4792  data: 9.2468  max mem: 3597
2024-12-08 23:48:37,545 - log_every - INFO - Epoch: [10]  [11/12]  eta: 0:00:00  lr: 0.000100  loss_protop: 4.7168 (4.7438)  loss_feature: 3.6741 (3.6746)  loss_sep: 0.0051 (0.0047)  loss_quan: 0.2703 (0.2699)  time: 0.9884  data: 0.8407  max mem: 3597
2024-12-08 23:48:37,905 - log_every - INFO - Epoch: [10] Total time: 0:00:12 (1.0186 s / it)
2024-12-08 23:48:37,906 - evaluate - INFO - Start validation
2024-12-08 23:48:37,906 - evaluate - INFO - Radius: 2
2024-12-08 23:49:14,369 - evaluate - INFO - test len(list(set(preds1))): 310 len(preds): 4496
2024-12-08 23:49:14,369 - evaluate - INFO - Evaluate V1: all_acc: 0.340 old_acc: 0.457 new_acc: 0.282
2024-12-08 23:49:14,377 - evaluate - INFO - Evaluate V2: all_acc: 0.284 old_acc: 0.333 new_acc: 0.260
2024-12-08 23:49:14,378 - main - INFO - Averaged stats:
2024-12-08 23:49:14,378 - main - INFO - {'lr': 9.95510645972451e-05, 'loss_protop': 4.743752717971802, 'loss_feature': 3.6745585401852927, 'loss_sep': 0.004700520716141909, 'loss_quan': 0.2698567708333333}
2024-12-08 23:49:14,379 - train_and_evaluate - INFO - Start train one epoch
2024-12-08 23:49:24,203 - log_every - INFO - Epoch: [11]  [ 0/12]  eta: 0:01:57  lr: 0.000099  loss_protop: 4.6507 (4.6507)  loss_feature: 3.6683 (3.6683)  loss_sep: 0.0036 (0.0036)  loss_quan: 0.2649 (0.2649)  time: 9.7851  data: 9.6247  max mem: 3597
2024-12-08 23:49:26,265 - log_every - INFO - Epoch: [11]  [11/12]  eta: 0:00:00  lr: 0.000099  loss_protop: 4.6973 (4.7220)  loss_feature: 3.6680 (3.6685)  loss_sep: 0.0029 (0.0032)  loss_quan: 0.2590 (0.2605)  time: 0.9872  data: 0.8436  max mem: 3597
2024-12-08 23:49:26,592 - log_every - INFO - Epoch: [11] Total time: 0:00:12 (1.0177 s / it)
2024-12-08 23:49:26,592 - evaluate - INFO - Start validation
2024-12-08 23:49:26,592 - evaluate - INFO - Radius: 2
2024-12-08 23:50:03,026 - evaluate - INFO - test len(list(set(preds1))): 324 len(preds): 4496
2024-12-08 23:50:03,026 - evaluate - INFO - Evaluate V1: all_acc: 0.341 old_acc: 0.447 new_acc: 0.288
2024-12-08 23:50:03,034 - evaluate - INFO - Evaluate V2: all_acc: 0.279 old_acc: 0.311 new_acc: 0.263
2024-12-08 23:50:03,035 - main - INFO - Averaged stats:
2024-12-08 23:50:03,035 - main - INFO - {'lr': 9.944597532678122e-05, 'loss_protop': 4.721951921780904, 'loss_feature': 3.6685044964154563, 'loss_sep': 0.0031542967966136834, 'loss_quan': 0.2604573567708333}
2024-12-08 23:50:03,036 - train_and_evaluate - INFO - Start train one epoch
2024-12-08 23:50:12,594 - log_every - INFO - Epoch: [12]  [ 0/12]  eta: 0:01:54  lr: 0.000099  loss_protop: 4.7113 (4.7113)  loss_feature: 3.6672 (3.6672)  loss_sep: 0.0038 (0.0038)  loss_quan: 0.2598 (0.2598)  time: 9.5576  data: 9.3438  max mem: 3597
2024-12-08 23:50:14,938 - log_every - INFO - Epoch: [12]  [11/12]  eta: 0:00:00  lr: 0.000099  loss_protop: 4.7077 (4.7128)  loss_feature: 3.6655 (3.6658)  loss_sep: 0.0019 (0.0028)  loss_quan: 0.2590 (0.2582)  time: 0.9917  data: 0.8431  max mem: 3597
2024-12-08 23:50:15,258 - log_every - INFO - Epoch: [12] Total time: 0:00:12 (1.0185 s / it)
2024-12-08 23:50:15,259 - evaluate - INFO - Start validation
2024-12-08 23:50:15,259 - evaluate - INFO - Radius: 2
2024-12-08 23:50:52,227 - evaluate - INFO - test len(list(set(preds1))): 336 len(preds): 4496
2024-12-08 23:50:52,227 - evaluate - INFO - Evaluate V1: all_acc: 0.343 old_acc: 0.455 new_acc: 0.287
2024-12-08 23:50:52,235 - evaluate - INFO - Evaluate V2: all_acc: 0.282 old_acc: 0.312 new_acc: 0.267
2024-12-08 23:50:52,237 - main - INFO - Averaged stats:
2024-12-08 23:50:52,237 - main - INFO - {'lr': 9.93299196769648e-05, 'loss_protop': 4.712829311688741, 'loss_feature': 3.6658321817715964, 'loss_sep': 0.002763671776241002, 'loss_quan': 0.2581990559895833}
2024-12-08 23:50:52,237 - train_and_evaluate - INFO - Start train one epoch
2024-12-08 23:51:02,076 - log_every - INFO - Epoch: [13]  [ 0/12]  eta: 0:01:58  lr: 0.000099  loss_protop: 4.6906 (4.6906)  loss_feature: 3.6606 (3.6606)  loss_sep: 0.0037 (0.0037)  loss_quan: 0.2510 (0.2510)  time: 9.8377  data: 9.6132  max mem: 3597
2024-12-08 23:51:04,308 - log_every - INFO - Epoch: [13]  [11/12]  eta: 0:00:01  lr: 0.000099  loss_protop: 4.6906 (4.6999)  loss_feature: 3.6628 (3.6626)  loss_sep: 0.0022 (0.0029)  loss_quan: 0.2483 (0.2480)  time: 1.0057  data: 0.8570  max mem: 3597
2024-12-08 23:51:04,674 - log_every - INFO - Epoch: [13] Total time: 0:00:12 (1.0364 s / it)
2024-12-08 23:51:04,675 - evaluate - INFO - Start validation
2024-12-08 23:51:04,675 - evaluate - INFO - Radius: 2
2024-12-08 23:51:41,917 - evaluate - INFO - test len(list(set(preds1))): 327 len(preds): 4496
2024-12-08 23:51:41,917 - evaluate - INFO - Evaluate V1: all_acc: 0.351 old_acc: 0.476 new_acc: 0.288
2024-12-08 23:51:41,925 - evaluate - INFO - Evaluate V2: all_acc: 0.291 old_acc: 0.330 new_acc: 0.272
2024-12-08 23:51:41,926 - main - INFO - Averaged stats:
2024-12-08 23:51:41,926 - main - INFO - {'lr': 9.920292628279099e-05, 'loss_protop': 4.69993527730306, 'loss_feature': 3.6626237432161965, 'loss_sep': 0.0028938801357677826, 'loss_quan': 0.247955322265625}
2024-12-08 23:51:41,927 - train_and_evaluate - INFO - Start train one epoch
