2024-12-07 21:39:03,962 - main - INFO - Start running with args: 
Namespace(batch_size=128, distillw=0.5, enable_smoothing=False, enable_mixup=False, w_dis_token=False, img_size=224, prototype_shape=[1000, 768, 1, 1], prototype_activation_function='log', add_on_layers_type='regular', baseline_path=None, use_global=True, global_proto_per_class=10, features_lr=0.0001, add_on_layers_lr=0.001, prototype_vectors_lr=0.001, joint_lr_step_size=5, coefs_crs_ent=1, coefs_clst=0.8, coefs_sep=-0.08, coefs_l1=0.0001, epochs=200, save_ep_freq=400, drop=0.0, drop_path=0.1, model_ema=True, model_ema_decay=0.99996, model_ema_force_cpu=False, opt='adamw', opt_eps=1e-08, opt_betas=None, clip_grad=None, momentum=0.9, weight_decay=0.05, sched='cosine', lr=0.0005, lr_noise=None, lr_noise_pct=0.67, lr_noise_std=1.0, warmup_lr=0.0001, min_lr=1e-05, decay_epochs=10.0, warmup_epochs=5, cooldown_epochs=10, patience_epochs=10, decay_rate=0.1, color_jitter=0.4, aa='rand-m9-mstd0.5-inc1', smoothing=0.0, train_interpolation='bicubic', reprob=0.25, remode='pixel', recount=1, resplit=False, mixup=0.0, cutmix=1.0, cutmix_minmax=None, mixup_prob=1.0, mixup_switch_prob=0.5, mixup_mode='batch', prop_train_labels=0.5, mask_theta=0.1, labeled_nums=100, data_set='CD_CUB2011U', inat_category='name', output_dir='output_cosine//CD_CUB2011U/cub_iscap_seed(1027)', device='cuda', seed=1027, resume='', start_epoch=0, eval=False, dist_eval=False, num_workers=10, pin_mem=True, world_size=1, dist_url='env://', hash_code_length=12, prototype_dim=768, data_root='/leonardo_work/IscrC_Fed-GCD/GCD_datasets/CUB', pretrain_path='/leonardo_work/IscrC_Fed-GCD/GCD_datasets/dino/dino_vitbase16_pretrain.pth', distributed=False)
2024-12-07 21:39:03,963 - main - INFO - Distributed: False
2024-12-07 21:39:08,494 - main - INFO - Dataset num_classes: 100
2024-12-07 21:39:08,494 - main - INFO - train 1498 test: 2884
2024-12-07 21:39:08,494 - main - INFO - test_dataset_unlabelled: 4496
2024-12-07 21:39:08,495 - main - INFO - Label smoothing is not enabled, smoothing rate: 0.0
2024-12-07 21:39:08,495 - main - INFO - Mixup is not enabled
2024-12-07 21:39:10,844 - main - INFO - number of params: 14745880
2024-12-07 21:39:10,845 - main - INFO - Start training for 200 epochs
2024-12-07 21:39:10,845 - train_one_epoch - INFO - Start train one epoch
2024-12-07 21:39:26,619 - log_every - INFO - Epoch: [0]  [ 0/12]  eta: 0:03:09  lr: 0.000100  loss_protop: 4.9740 (4.9740)  loss_feature: 4.5962 (4.5962)  loss_sep: 0.0000 (0.0000)  loss_quan: 0.6045 (0.6045)  time: 15.7728  data: 13.0552  max mem: 3428
2024-12-07 21:39:27,858 - log_every - INFO - Epoch: [0]  [11/12]  eta: 0:00:01  lr: 0.000100  loss_protop: 4.9726 (4.9809)  loss_feature: 4.2878 (4.3265)  loss_sep: 0.0000 (0.0070)  loss_quan: 0.4839 (0.5004)  time: 1.4176  data: 1.0880  max mem: 3597
2024-12-07 21:39:28,049 - log_every - INFO - Epoch: [0] Total time: 0:00:17 (1.4336 s / it)
2024-12-07 21:39:28,050 - evaluate - INFO - Start validation
2024-12-07 21:40:06,107 - evaluate - INFO - test len(list(set(preds1))): 302 len(preds): 4496
2024-12-07 21:40:06,107 - evaluate - INFO - Evaluate: all_acc: 0.137 old_acc: 0.107 new_acc: 0.152
2024-12-07 21:40:06,108 - main - INFO - Averaged stats:
2024-12-07 21:40:06,108 - main - INFO - {'lr': 0.00010000000000000003, 'loss_protop': 4.980872273445129, 'loss_feature': 4.326489408810933, 'loss_sep': 0.00704101564285035, 'loss_quan': 0.5004069010416666}
2024-12-07 21:40:06,109 - train_one_epoch - INFO - Start train one epoch
2024-12-07 21:40:16,013 - log_every - INFO - Epoch: [1]  [ 0/12]  eta: 0:01:58  lr: 0.000100  loss_protop: 4.7551 (4.7551)  loss_feature: 3.9496 (3.9496)  loss_sep: 0.0608 (0.0608)  loss_quan: 0.3916 (0.3916)  time: 9.9037  data: 9.7391  max mem: 3597
2024-12-07 21:40:18,221 - log_every - INFO - Epoch: [1]  [11/12]  eta: 0:00:01  lr: 0.000100  loss_protop: 4.9315 (4.9452)  loss_feature: 3.8763 (3.8834)  loss_sep: 0.0937 (0.0969)  loss_quan: 0.3567 (0.3630)  time: 1.0092  data: 0.8610  max mem: 3597
2024-12-07 21:40:18,612 - log_every - INFO - Epoch: [1] Total time: 0:00:12 (1.0419 s / it)
2024-12-07 21:40:18,613 - evaluate - INFO - Start validation
2024-12-07 21:40:54,786 - evaluate - INFO - test len(list(set(preds1))): 272 len(preds): 4496
2024-12-07 21:40:54,786 - evaluate - INFO - Evaluate: all_acc: 0.172 old_acc: 0.139 new_acc: 0.188
2024-12-07 21:40:54,787 - main - INFO - Averaged stats:
2024-12-07 21:40:54,787 - main - INFO - {'lr': 0.00010000000000000003, 'loss_protop': 4.945249438285828, 'loss_feature': 3.8833719889322915, 'loss_sep': 0.09689778462052345, 'loss_quan': 0.3630167643229167}
2024-12-07 21:40:54,788 - train_one_epoch - INFO - Start train one epoch
2024-12-07 21:41:04,586 - log_every - INFO - Epoch: [2]  [ 0/12]  eta: 0:01:57  lr: 0.000100  loss_protop: 4.9559 (4.9559)  loss_feature: 3.8354 (3.8354)  loss_sep: 0.0699 (0.0699)  loss_quan: 0.3450 (0.3450)  time: 9.7971  data: 9.6091  max mem: 3597
2024-12-07 21:41:06,778 - log_every - INFO - Epoch: [2]  [11/12]  eta: 0:00:00  lr: 0.000100  loss_protop: 4.9030 (4.8977)  loss_feature: 3.8014 (3.8057)  loss_sep: 0.0466 (0.0459)  loss_quan: 0.3345 (0.3346)  time: 0.9991  data: 0.8470  max mem: 3597
2024-12-07 21:41:07,177 - log_every - INFO - Epoch: [2] Total time: 0:00:12 (1.0324 s / it)
2024-12-07 21:41:07,178 - evaluate - INFO - Start validation
2024-12-07 21:41:43,285 - evaluate - INFO - test len(list(set(preds1))): 296 len(preds): 4496
2024-12-07 21:41:43,285 - evaluate - INFO - Evaluate: all_acc: 0.181 old_acc: 0.151 new_acc: 0.195
2024-12-07 21:41:43,286 - main - INFO - Averaged stats:
2024-12-07 21:41:43,286 - main - INFO - {'lr': 0.00010000000000000003, 'loss_protop': 4.897718588511149, 'loss_feature': 3.8057292302449546, 'loss_sep': 0.04590169216195742, 'loss_quan': 0.3345947265625}
2024-12-07 21:41:43,287 - train_one_epoch - INFO - Start train one epoch
2024-12-07 21:41:53,594 - log_every - INFO - Epoch: [3]  [ 0/12]  eta: 0:02:03  lr: 0.000100  loss_protop: 5.1119 (5.1119)  loss_feature: 3.7690 (3.7690)  loss_sep: 0.0334 (0.0334)  loss_quan: 0.3250 (0.3250)  time: 10.3059  data: 10.0998  max mem: 3597
2024-12-07 21:41:55,442 - log_every - INFO - Epoch: [3]  [11/12]  eta: 0:00:01  lr: 0.000100  loss_protop: 4.8959 (4.9097)  loss_feature: 3.7608 (3.7623)  loss_sep: 0.0305 (0.0355)  loss_quan: 0.3232 (0.3231)  time: 1.0127  data: 0.8722  max mem: 3597
2024-12-07 21:41:55,853 - log_every - INFO - Epoch: [3] Total time: 0:00:12 (1.0471 s / it)
2024-12-07 21:41:55,854 - evaluate - INFO - Start validation
2024-12-07 21:42:32,230 - evaluate - INFO - test len(list(set(preds1))): 327 len(preds): 4496
2024-12-07 21:42:32,230 - evaluate - INFO - Evaluate: all_acc: 0.193 old_acc: 0.164 new_acc: 0.207
2024-12-07 21:42:32,231 - main - INFO - Averaged stats:
2024-12-07 21:42:32,231 - main - INFO - {'lr': 0.00010000000000000003, 'loss_protop': 4.909732619921367, 'loss_feature': 3.7623232205708823, 'loss_sep': 0.03548502534007033, 'loss_quan': 0.3230997721354167}
2024-12-07 21:42:32,232 - train_one_epoch - INFO - Start train one epoch
2024-12-07 21:42:41,831 - log_every - INFO - Epoch: [4]  [ 0/12]  eta: 0:01:55  lr: 0.000100  loss_protop: 4.8880 (4.8880)  loss_feature: 3.7467 (3.7467)  loss_sep: 0.0135 (0.0135)  loss_quan: 0.3228 (0.3228)  time: 9.5991  data: 9.3253  max mem: 3597
2024-12-07 21:42:44,211 - log_every - INFO - Epoch: [4]  [11/12]  eta: 0:00:00  lr: 0.000100  loss_protop: 4.8428 (4.8445)  loss_feature: 3.7406 (3.7393)  loss_sep: 0.0139 (0.0142)  loss_quan: 0.3252 (0.3256)  time: 0.9981  data: 0.8429  max mem: 3597
2024-12-07 21:42:44,608 - log_every - INFO - Epoch: [4] Total time: 0:00:12 (1.0314 s / it)
2024-12-07 21:42:44,609 - evaluate - INFO - Start validation
2024-12-07 21:43:20,721 - evaluate - INFO - test len(list(set(preds1))): 346 len(preds): 4496
2024-12-07 21:43:20,721 - evaluate - INFO - Evaluate: all_acc: 0.191 old_acc: 0.172 new_acc: 0.200
2024-12-07 21:43:20,722 - main - INFO - Averaged stats:
2024-12-07 21:43:20,722 - main - INFO - {'lr': 0.00010000000000000003, 'loss_protop': 4.844500501950582, 'loss_feature': 3.7392836610476174, 'loss_sep': 0.014202473723950485, 'loss_quan': 0.3256429036458333}
2024-12-07 21:43:20,723 - train_one_epoch - INFO - Start train one epoch
2024-12-07 21:43:30,701 - log_every - INFO - Epoch: [5]  [ 0/12]  eta: 0:01:59  lr: 0.000100  loss_protop: 4.8638 (4.8638)  loss_feature: 3.7171 (3.7171)  loss_sep: 0.0106 (0.0106)  loss_quan: 0.3237 (0.3237)  time: 9.9776  data: 9.8218  max mem: 3597
2024-12-07 21:43:32,790 - log_every - INFO - Epoch: [5]  [11/12]  eta: 0:00:01  lr: 0.000100  loss_protop: 4.8351 (4.8540)  loss_feature: 3.7264 (3.7252)  loss_sep: 0.0139 (0.0141)  loss_quan: 0.3193 (0.3198)  time: 1.0055  data: 0.8601  max mem: 3597
2024-12-07 21:43:33,193 - log_every - INFO - Epoch: [5] Total time: 0:00:12 (1.0391 s / it)
2024-12-07 21:43:33,193 - evaluate - INFO - Start validation
2024-12-07 21:44:09,671 - evaluate - INFO - test len(list(set(preds1))): 388 len(preds): 4496
2024-12-07 21:44:09,671 - evaluate - INFO - Evaluate: all_acc: 0.207 old_acc: 0.222 new_acc: 0.200
2024-12-07 21:44:09,672 - main - INFO - Averaged stats:
2024-12-07 21:44:09,672 - main - INFO - {'lr': 0.00010000000000000003, 'loss_protop': 4.853973189989726, 'loss_feature': 3.7251852552096048, 'loss_sep': 0.014147135118643442, 'loss_quan': 0.3198038736979167}
2024-12-07 21:44:09,673 - train_one_epoch - INFO - Start train one epoch
2024-12-07 21:44:19,611 - log_every - INFO - Epoch: [6]  [ 0/12]  eta: 0:01:59  lr: 0.000100  loss_protop: 4.7458 (4.7458)  loss_feature: 3.7156 (3.7156)  loss_sep: 0.0126 (0.0126)  loss_quan: 0.3145 (0.3145)  time: 9.9372  data: 9.7742  max mem: 3597
2024-12-07 21:44:21,652 - log_every - INFO - Epoch: [6]  [11/12]  eta: 0:00:00  lr: 0.000100  loss_protop: 4.7751 (4.7970)  loss_feature: 3.7125 (3.7130)  loss_sep: 0.0110 (0.0141)  loss_quan: 0.3076 (0.3076)  time: 0.9982  data: 0.8530  max mem: 3597
2024-12-07 21:44:22,036 - log_every - INFO - Epoch: [6] Total time: 0:00:12 (1.0302 s / it)
2024-12-07 21:44:22,036 - evaluate - INFO - Start validation
2024-12-07 21:44:58,368 - evaluate - INFO - test len(list(set(preds1))): 363 len(preds): 4496
2024-12-07 21:44:58,369 - evaluate - INFO - Evaluate: all_acc: 0.221 old_acc: 0.233 new_acc: 0.215
2024-12-07 21:44:58,369 - main - INFO - Averaged stats:
2024-12-07 21:44:58,370 - main - INFO - {'lr': 9.986128001799077e-05, 'loss_protop': 4.796998659769694, 'loss_feature': 3.7130042711893716, 'loss_sep': 0.014069009999123713, 'loss_quan': 0.30755615234375}
2024-12-07 21:44:58,370 - train_one_epoch - INFO - Start train one epoch
2024-12-07 21:45:08,383 - log_every - INFO - Epoch: [7]  [ 0/12]  eta: 0:02:00  lr: 0.000100  loss_protop: 4.8569 (4.8569)  loss_feature: 3.6960 (3.6960)  loss_sep: 0.0058 (0.0058)  loss_quan: 0.3018 (0.3018)  time: 10.0122  data: 9.8444  max mem: 3597
2024-12-07 21:45:10,434 - log_every - INFO - Epoch: [7]  [11/12]  eta: 0:00:01  lr: 0.000100  loss_protop: 4.7962 (4.7983)  loss_feature: 3.7022 (3.7017)  loss_sep: 0.0079 (0.0082)  loss_quan: 0.2949 (0.2967)  time: 1.0052  data: 0.8537  max mem: 3597
2024-12-07 21:45:10,834 - log_every - INFO - Epoch: [7] Total time: 0:00:12 (1.0386 s / it)
2024-12-07 21:45:10,835 - evaluate - INFO - Start validation
2024-12-07 21:45:47,279 - evaluate - INFO - test len(list(set(preds1))): 396 len(preds): 4496
2024-12-07 21:45:47,279 - evaluate - INFO - Evaluate: all_acc: 0.226 old_acc: 0.241 new_acc: 0.218
2024-12-07 21:45:47,280 - main - INFO - Averaged stats:
2024-12-07 21:45:47,280 - main - INFO - {'lr': 9.98002884071386e-05, 'loss_protop': 4.798344413439433, 'loss_feature': 3.70174507300059, 'loss_sep': 0.00817382795503363, 'loss_quan': 0.2967122395833333}
2024-12-07 21:45:47,281 - train_one_epoch - INFO - Start train one epoch
2024-12-07 21:45:57,688 - log_every - INFO - Epoch: [8]  [ 0/12]  eta: 0:02:04  lr: 0.000100  loss_protop: 4.8078 (4.8078)  loss_feature: 3.6872 (3.6872)  loss_sep: 0.0083 (0.0083)  loss_quan: 0.2935 (0.2935)  time: 10.4065  data: 10.1445  max mem: 3597
2024-12-07 21:46:00,278 - log_every - INFO - Epoch: [8]  [11/12]  eta: 0:00:01  lr: 0.000100  loss_protop: 4.8078 (4.7928)  loss_feature: 3.6922 (3.6919)  loss_sep: 0.0060 (0.0077)  loss_quan: 0.2920 (0.2910)  time: 1.0830  data: 0.9234  max mem: 3597
2024-12-07 21:46:00,691 - log_every - INFO - Epoch: [8] Total time: 0:00:13 (1.1175 s / it)
2024-12-07 21:46:00,692 - evaluate - INFO - Start validation
2024-12-07 21:46:36,841 - evaluate - INFO - test len(list(set(preds1))): 394 len(preds): 4496
2024-12-07 21:46:36,841 - evaluate - INFO - Evaluate: all_acc: 0.238 old_acc: 0.287 new_acc: 0.214
2024-12-07 21:46:36,842 - main - INFO - Averaged stats:
2024-12-07 21:46:36,842 - main - INFO - {'lr': 9.97282429954831e-05, 'loss_protop': 4.792824149131775, 'loss_feature': 3.691898008187612, 'loss_sep': 0.007737630046904087, 'loss_quan': 0.291015625}
2024-12-07 21:46:36,843 - train_one_epoch - INFO - Start train one epoch
2024-12-07 21:46:46,612 - log_every - INFO - Epoch: [9]  [ 0/12]  eta: 0:01:57  lr: 0.000100  loss_protop: 4.8105 (4.8105)  loss_feature: 3.6854 (3.6854)  loss_sep: 0.0028 (0.0028)  loss_quan: 0.2842 (0.2842)  time: 9.7679  data: 9.5688  max mem: 3597
2024-12-07 21:46:48,830 - log_every - INFO - Epoch: [9]  [11/12]  eta: 0:00:00  lr: 0.000100  loss_protop: 4.7712 (4.7621)  loss_feature: 3.6855 (3.6861)  loss_sep: 0.0048 (0.0054)  loss_quan: 0.2788 (0.2788)  time: 0.9988  data: 0.8524  max mem: 3597
2024-12-07 21:46:49,230 - log_every - INFO - Epoch: [9] Total time: 0:00:12 (1.0322 s / it)
2024-12-07 21:46:49,231 - evaluate - INFO - Start validation
2024-12-07 21:47:25,740 - evaluate - INFO - test len(list(set(preds1))): 400 len(preds): 4496
2024-12-07 21:47:25,740 - evaluate - INFO - Evaluate: all_acc: 0.241 old_acc: 0.288 new_acc: 0.217
2024-12-07 21:47:25,741 - main - INFO - Averaged stats:
2024-12-07 21:47:25,741 - main - INFO - {'lr': 9.964516155915147e-05, 'loss_protop': 4.7620521783828735, 'loss_feature': 3.6860674818356833, 'loss_sep': 0.005445963412057608, 'loss_quan': 0.27880859375}
2024-12-07 21:47:25,742 - train_one_epoch - INFO - Start train one epoch
2024-12-07 21:47:35,495 - log_every - INFO - Epoch: [10]  [ 0/12]  eta: 0:01:57  lr: 0.000100  loss_protop: 4.7610 (4.7610)  loss_feature: 3.6785 (3.6785)  loss_sep: 0.0064 (0.0064)  loss_quan: 0.2734 (0.2734)  time: 9.7524  data: 9.4912  max mem: 3597
2024-12-07 21:47:37,830 - log_every - INFO - Epoch: [10]  [11/12]  eta: 0:00:01  lr: 0.000100  loss_protop: 4.7408 (4.7350)  loss_feature: 3.6789 (3.6800)  loss_sep: 0.0045 (0.0048)  loss_quan: 0.2700 (0.2696)  time: 1.0072  data: 0.8509  max mem: 3597
2024-12-07 21:47:38,231 - log_every - INFO - Epoch: [10] Total time: 0:00:12 (1.0407 s / it)
2024-12-07 21:47:38,231 - evaluate - INFO - Start validation
2024-12-07 21:48:14,562 - evaluate - INFO - test len(list(set(preds1))): 380 len(preds): 4496
2024-12-07 21:48:14,563 - evaluate - INFO - Evaluate: all_acc: 0.246 old_acc: 0.296 new_acc: 0.221
2024-12-07 21:48:14,564 - main - INFO - Averaged stats:
2024-12-07 21:48:14,564 - main - INFO - {'lr': 9.95510645972451e-05, 'loss_protop': 4.7349891265233355, 'loss_feature': 3.6800036430358887, 'loss_sep': 0.004827473875290404, 'loss_quan': 0.2695719401041667}
2024-12-07 21:48:14,564 - train_one_epoch - INFO - Start train one epoch
2024-12-07 21:48:24,329 - log_every - INFO - Epoch: [11]  [ 0/12]  eta: 0:01:57  lr: 0.000099  loss_protop: 4.7710 (4.7710)  loss_feature: 3.6730 (3.6730)  loss_sep: 0.0013 (0.0013)  loss_quan: 0.2634 (0.2634)  time: 9.7637  data: 9.5304  max mem: 3597
2024-12-07 21:48:26,616 - log_every - INFO - Epoch: [11]  [11/12]  eta: 0:00:01  lr: 0.000099  loss_protop: 4.7230 (4.7340)  loss_feature: 3.6779 (3.6768)  loss_sep: 0.0036 (0.0041)  loss_quan: 0.2576 (0.2586)  time: 1.0042  data: 0.8474  max mem: 3597
2024-12-07 21:48:27,016 - log_every - INFO - Epoch: [11] Total time: 0:00:12 (1.0376 s / it)
2024-12-07 21:48:27,016 - evaluate - INFO - Start validation
2024-12-07 21:49:03,310 - evaluate - INFO - test len(list(set(preds1))): 393 len(preds): 4496
2024-12-07 21:49:03,310 - evaluate - INFO - Evaluate: all_acc: 0.253 old_acc: 0.318 new_acc: 0.220
2024-12-07 21:49:03,311 - main - INFO - Averaged stats:
2024-12-07 21:49:03,311 - main - INFO - {'lr': 9.944597532678122e-05, 'loss_protop': 4.7340413729349775, 'loss_feature': 3.6768378615379333, 'loss_sep': 0.004143880166035767, 'loss_quan': 0.2585652669270833}
2024-12-07 21:49:03,312 - train_one_epoch - INFO - Start train one epoch
2024-12-07 21:49:13,181 - log_every - INFO - Epoch: [12]  [ 0/12]  eta: 0:01:58  lr: 0.000099  loss_protop: 4.5789 (4.5789)  loss_feature: 3.6717 (3.6717)  loss_sep: 0.0057 (0.0057)  loss_quan: 0.2544 (0.2544)  time: 9.8684  data: 9.6649  max mem: 3597
2024-12-07 21:49:15,479 - log_every - INFO - Epoch: [12]  [11/12]  eta: 0:00:01  lr: 0.000099  loss_protop: 4.7089 (4.7188)  loss_feature: 3.6719 (3.6733)  loss_sep: 0.0041 (0.0044)  loss_quan: 0.2479 (0.2483)  time: 1.0138  data: 0.8632  max mem: 3597
2024-12-07 21:49:15,873 - log_every - INFO - Epoch: [12] Total time: 0:00:12 (1.0467 s / it)
2024-12-07 21:49:15,874 - evaluate - INFO - Start validation
2024-12-07 21:49:52,123 - evaluate - INFO - test len(list(set(preds1))): 400 len(preds): 4496
2024-12-07 21:49:52,123 - evaluate - INFO - Evaluate: all_acc: 0.271 old_acc: 0.333 new_acc: 0.240
2024-12-07 21:49:52,124 - main - INFO - Averaged stats:
2024-12-07 21:49:52,124 - main - INFO - {'lr': 9.93299196769648e-05, 'loss_protop': 4.718828002611796, 'loss_feature': 3.6733240485191345, 'loss_sep': 0.004410807140326749, 'loss_quan': 0.24833170572916666}
2024-12-07 21:49:52,125 - train_one_epoch - INFO - Start train one epoch
2024-12-07 21:50:01,859 - log_every - INFO - Epoch: [13]  [ 0/12]  eta: 0:01:56  lr: 0.000099  loss_protop: 4.8150 (4.8150)  loss_feature: 3.6727 (3.6727)  loss_sep: 0.0078 (0.0078)  loss_quan: 0.2406 (0.2406)  time: 9.7319  data: 9.5378  max mem: 3597
2024-12-07 21:50:04,152 - log_every - INFO - Epoch: [13]  [11/12]  eta: 0:00:01  lr: 0.000099  loss_protop: 4.7355 (4.7316)  loss_feature: 3.6726 (3.6729)  loss_sep: 0.0059 (0.0051)  loss_quan: 0.2405 (0.2402)  time: 1.0020  data: 0.8489  max mem: 3597
2024-12-07 21:50:04,555 - log_every - INFO - Epoch: [13] Total time: 0:00:12 (1.0359 s / it)
2024-12-07 21:50:04,556 - evaluate - INFO - Start validation
2024-12-07 21:50:40,870 - evaluate - INFO - test len(list(set(preds1))): 397 len(preds): 4496
2024-12-07 21:50:40,870 - evaluate - INFO - Evaluate: all_acc: 0.260 old_acc: 0.356 new_acc: 0.212
2024-12-07 21:50:40,871 - main - INFO - Averaged stats:
2024-12-07 21:50:40,871 - main - INFO - {'lr': 9.920292628279099e-05, 'loss_protop': 4.731587648391724, 'loss_feature': 3.6728981534639993, 'loss_sep': 0.005136718721284221, 'loss_quan': 0.24016316731770834}
2024-12-07 21:50:40,872 - train_one_epoch - INFO - Start train one epoch
2024-12-07 21:50:50,901 - log_every - INFO - Epoch: [14]  [ 0/12]  eta: 0:02:00  lr: 0.000099  loss_protop: 4.5698 (4.5698)  loss_feature: 3.6679 (3.6679)  loss_sep: 0.0023 (0.0023)  loss_quan: 0.2372 (0.2372)  time: 10.0283  data: 9.8506  max mem: 3597
2024-12-07 21:50:52,993 - log_every - INFO - Epoch: [14]  [11/12]  eta: 0:00:01  lr: 0.000099  loss_protop: 4.6765 (4.6773)  loss_feature: 3.6700 (3.6712)  loss_sep: 0.0026 (0.0025)  loss_quan: 0.2313 (0.2319)  time: 1.0086  data: 0.8644  max mem: 3597
2024-12-07 21:50:53,388 - log_every - INFO - Epoch: [14] Total time: 0:00:12 (1.0430 s / it)
2024-12-07 21:50:53,389 - evaluate - INFO - Start validation
2024-12-07 21:51:29,624 - evaluate - INFO - test len(list(set(preds1))): 397 len(preds): 4496
2024-12-07 21:51:29,624 - evaluate - INFO - Evaluate: all_acc: 0.272 old_acc: 0.390 new_acc: 0.214
2024-12-07 21:51:29,625 - main - INFO - Averaged stats:
2024-12-07 21:51:29,626 - main - INFO - {'lr': 9.906502647797948e-05, 'loss_protop': 4.677256504694621, 'loss_feature': 3.6711859901746116, 'loss_sep': 0.00248372389372283, 'loss_quan': 0.23189290364583334}
2024-12-07 21:51:29,626 - train_one_epoch - INFO - Start train one epoch
2024-12-07 21:51:39,388 - log_every - INFO - Epoch: [15]  [ 0/12]  eta: 0:01:57  lr: 0.000099  loss_protop: 4.7492 (4.7492)  loss_feature: 3.6669 (3.6669)  loss_sep: 0.0016 (0.0016)  loss_quan: 0.2257 (0.2257)  time: 9.7610  data: 9.5256  max mem: 3597
2024-12-07 21:51:41,724 - log_every - INFO - Epoch: [15]  [11/12]  eta: 0:00:01  lr: 0.000099  loss_protop: 4.7248 (4.7030)  loss_feature: 3.6679 (3.6691)  loss_sep: 0.0044 (0.0038)  loss_quan: 0.2227 (0.2232)  time: 1.0080  data: 0.8578  max mem: 3597
2024-12-07 21:51:42,123 - log_every - INFO - Epoch: [15] Total time: 0:00:12 (1.0414 s / it)
2024-12-07 21:51:42,124 - evaluate - INFO - Start validation
2024-12-07 21:52:18,485 - evaluate - INFO - test len(list(set(preds1))): 379 len(preds): 4496
2024-12-07 21:52:18,486 - evaluate - INFO - Evaluate: all_acc: 0.270 old_acc: 0.334 new_acc: 0.239
2024-12-07 21:52:18,487 - main - INFO - Averaged stats:
2024-12-07 21:52:18,487 - main - INFO - {'lr': 9.891625428724365e-05, 'loss_protop': 4.703006664911906, 'loss_feature': 3.6691053907076516, 'loss_sep': 0.003795572837892299, 'loss_quan': 0.22324625651041666}
2024-12-07 21:52:18,487 - train_one_epoch - INFO - Start train one epoch
2024-12-07 21:52:28,771 - log_every - INFO - Epoch: [16]  [ 0/12]  eta: 0:02:03  lr: 0.000099  loss_protop: 4.7819 (4.7819)  loss_feature: 3.6649 (3.6649)  loss_sep: 0.0025 (0.0025)  loss_quan: 0.2228 (0.2228)  time: 10.2826  data: 10.1292  max mem: 3597
2024-12-07 21:52:30,596 - log_every - INFO - Epoch: [16]  [11/12]  eta: 0:00:01  lr: 0.000099  loss_protop: 4.6147 (4.6278)  loss_feature: 3.6668 (3.6669)  loss_sep: 0.0025 (0.0026)  loss_quan: 0.2179 (0.2181)  time: 1.0089  data: 0.8664  max mem: 3597
2024-12-07 21:52:31,008 - log_every - INFO - Epoch: [16] Total time: 0:00:12 (1.0434 s / it)
2024-12-07 21:52:31,009 - evaluate - INFO - Start validation
2024-12-07 21:53:07,310 - evaluate - INFO - test len(list(set(preds1))): 402 len(preds): 4496
2024-12-07 21:53:07,310 - evaluate - INFO - Evaluate: all_acc: 0.282 old_acc: 0.370 new_acc: 0.238
2024-12-07 21:53:07,311 - main - INFO - Averaged stats:
2024-12-07 21:53:07,311 - main - INFO - {'lr': 9.875664641789546e-05, 'loss_protop': 4.627816041310628, 'loss_feature': 3.666880945364634, 'loss_sep': 0.0025878905435092747, 'loss_quan': 0.21807861328125}
2024-12-07 21:53:07,312 - train_one_epoch - INFO - Start train one epoch
2024-12-07 21:53:17,149 - log_every - INFO - Epoch: [17]  [ 0/12]  eta: 0:01:58  lr: 0.000099  loss_protop: 4.5882 (4.5882)  loss_feature: 3.6670 (3.6670)  loss_sep: 0.0035 (0.0035)  loss_quan: 0.2106 (0.2106)  time: 9.8364  data: 9.6686  max mem: 3597
2024-12-07 21:53:19,294 - log_every - INFO - Epoch: [17]  [11/12]  eta: 0:00:00  lr: 0.000099  loss_protop: 4.5801 (4.5947)  loss_feature: 3.6658 (3.6657)  loss_sep: 0.0015 (0.0025)  loss_quan: 0.2080 (0.2077)  time: 0.9984  data: 0.8595  max mem: 3597
2024-12-07 21:53:19,691 - log_every - INFO - Epoch: [17] Total time: 0:00:12 (1.0316 s / it)
2024-12-07 21:53:19,692 - evaluate - INFO - Start validation
2024-12-07 21:53:55,910 - evaluate - INFO - test len(list(set(preds1))): 392 len(preds): 4496
2024-12-07 21:53:55,910 - evaluate - INFO - Evaluate: all_acc: 0.281 old_acc: 0.388 new_acc: 0.228
2024-12-07 21:53:55,911 - main - INFO - Averaged stats:
2024-12-07 21:53:55,911 - main - INFO - {'lr': 9.858624225078841e-05, 'loss_protop': 4.594666043917338, 'loss_feature': 3.665723443031311, 'loss_sep': 0.002503255154200209, 'loss_quan': 0.207672119140625}
2024-12-07 21:53:55,912 - train_one_epoch - INFO - Start train one epoch
2024-12-07 21:54:06,161 - log_every - INFO - Epoch: [18]  [ 0/12]  eta: 0:02:02  lr: 0.000098  loss_protop: 4.5611 (4.5611)  loss_feature: 3.6612 (3.6612)  loss_sep: 0.0039 (0.0039)  loss_quan: 0.2039 (0.2039)  time: 10.2351  data: 10.0955  max mem: 3597
2024-12-07 21:54:07,931 - log_every - INFO - Epoch: [18]  [11/12]  eta: 0:00:01  lr: 0.000098  loss_protop: 4.5846 (4.5734)  loss_feature: 3.6647 (3.6647)  loss_sep: 0.0021 (0.0030)  loss_quan: 0.2018 (0.2017)  time: 1.0003  data: 0.8628  max mem: 3597
2024-12-07 21:54:08,325 - log_every - INFO - Epoch: [18] Total time: 0:00:12 (1.0345 s / it)
2024-12-07 21:54:08,326 - evaluate - INFO - Start validation
2024-12-07 21:54:44,617 - evaluate - INFO - test len(list(set(preds1))): 386 len(preds): 4496
2024-12-07 21:54:44,617 - evaluate - INFO - Evaluate: all_acc: 0.291 old_acc: 0.380 new_acc: 0.247
2024-12-07 21:54:44,618 - main - INFO - Averaged stats:
2024-12-07 21:54:44,618 - main - INFO - {'lr': 9.840508383060087e-05, 'loss_protop': 4.573412656784058, 'loss_feature': 3.6647191842397056, 'loss_sep': 0.002955729083623737, 'loss_quan': 0.20166015625}
2024-12-07 21:54:44,619 - train_one_epoch - INFO - Start train one epoch
2024-12-07 21:54:54,342 - log_every - INFO - Epoch: [19]  [ 0/12]  eta: 0:01:56  lr: 0.000098  loss_protop: 4.5963 (4.5963)  loss_feature: 3.6633 (3.6633)  loss_sep: 0.0016 (0.0016)  loss_quan: 0.1975 (0.1975)  time: 9.7224  data: 9.4758  max mem: 3597
2024-12-07 21:54:56,673 - log_every - INFO - Epoch: [19]  [11/12]  eta: 0:00:01  lr: 0.000098  loss_protop: 4.5444 (4.5666)  loss_feature: 3.6635 (3.6640)  loss_sep: 0.0019 (0.0027)  loss_quan: 0.1932 (0.1941)  time: 1.0043  data: 0.8526  max mem: 3597
2024-12-07 21:54:57,074 - log_every - INFO - Epoch: [19] Total time: 0:00:12 (1.0379 s / it)
2024-12-07 21:54:57,075 - evaluate - INFO - Start validation
2024-12-07 21:55:33,366 - evaluate - INFO - test len(list(set(preds1))): 387 len(preds): 4496
2024-12-07 21:55:33,366 - evaluate - INFO - Evaluate: all_acc: 0.290 old_acc: 0.366 new_acc: 0.252
2024-12-07 21:55:33,367 - main - INFO - Averaged stats:
2024-12-07 21:55:33,367 - main - INFO - {'lr': 9.821321585546241e-05, 'loss_protop': 4.566553552945455, 'loss_feature': 3.6639936566352844, 'loss_sep': 0.0026888020414238176, 'loss_quan': 0.194122314453125}
2024-12-07 21:55:33,368 - train_one_epoch - INFO - Start train one epoch
2024-12-07 21:55:43,591 - log_every - INFO - Epoch: [20]  [ 0/12]  eta: 0:02:02  lr: 0.000098  loss_protop: 4.6099 (4.6099)  loss_feature: 3.6633 (3.6633)  loss_sep: 0.0012 (0.0012)  loss_quan: 0.1935 (0.1935)  time: 10.2229  data: 10.0682  max mem: 3597
2024-12-07 21:55:45,374 - log_every - INFO - Epoch: [20]  [11/12]  eta: 0:00:01  lr: 0.000098  loss_protop: 4.5174 (4.5199)  loss_feature: 3.6629 (3.6633)  loss_sep: 0.0028 (0.0028)  loss_quan: 0.1904 (0.1905)  time: 1.0004  data: 0.8609  max mem: 3597
2024-12-07 21:55:45,758 - log_every - INFO - Epoch: [20] Total time: 0:00:12 (1.0325 s / it)
2024-12-07 21:55:45,759 - evaluate - INFO - Start validation
2024-12-07 21:56:22,350 - evaluate - INFO - test len(list(set(preds1))): 379 len(preds): 4496
2024-12-07 21:56:22,350 - evaluate - INFO - Evaluate: all_acc: 0.293 old_acc: 0.398 new_acc: 0.240
2024-12-07 21:56:22,351 - main - INFO - Averaged stats:
2024-12-07 21:56:22,351 - main - INFO - {'lr': 9.801068566592481e-05, 'loss_protop': 4.51987620194753, 'loss_feature': 3.6632644732793174, 'loss_sep': 0.0028124999274344495, 'loss_quan': 0.19045003255208334}
2024-12-07 21:56:22,352 - train_one_epoch - INFO - Start train one epoch
2024-12-07 21:56:32,326 - log_every - INFO - Epoch: [21]  [ 0/12]  eta: 0:01:59  lr: 0.000098  loss_protop: 4.5375 (4.5375)  loss_feature: 3.6606 (3.6606)  loss_sep: 0.0007 (0.0007)  loss_quan: 0.1858 (0.1858)  time: 9.9732  data: 9.7701  max mem: 3597
2024-12-07 21:56:34,410 - log_every - INFO - Epoch: [21]  [11/12]  eta: 0:00:01  lr: 0.000098  loss_protop: 4.5284 (4.5217)  loss_feature: 3.6620 (3.6623)  loss_sep: 0.0019 (0.0018)  loss_quan: 0.1815 (0.1824)  time: 1.0047  data: 0.8524  max mem: 3597
2024-12-07 21:56:34,810 - log_every - INFO - Epoch: [21] Total time: 0:00:12 (1.0382 s / it)
2024-12-07 21:56:34,811 - evaluate - INFO - Start validation
2024-12-07 21:57:11,129 - evaluate - INFO - test len(list(set(preds1))): 365 len(preds): 4496
2024-12-07 21:57:11,129 - evaluate - INFO - Evaluate: all_acc: 0.303 old_acc: 0.379 new_acc: 0.265
2024-12-07 21:57:11,130 - main - INFO - Averaged stats:
2024-12-07 21:57:11,130 - main - INFO - {'lr': 9.779754323328188e-05, 'loss_protop': 4.521689534187317, 'loss_feature': 3.6622589031855264, 'loss_sep': 0.0018131510053838913, 'loss_quan': 0.18235270182291666}
2024-12-07 21:57:11,131 - train_one_epoch - INFO - Start train one epoch
2024-12-07 21:57:20,869 - log_every - INFO - Epoch: [22]  [ 0/12]  eta: 0:01:56  lr: 0.000098  loss_protop: 4.5175 (4.5175)  loss_feature: 3.6609 (3.6609)  loss_sep: 0.0034 (0.0034)  loss_quan: 0.1794 (0.1794)  time: 9.7371  data: 9.4874  max mem: 3597
2024-12-07 21:57:23,182 - log_every - INFO - Epoch: [22]  [11/12]  eta: 0:00:01  lr: 0.000098  loss_protop: 4.4961 (4.4842)  loss_feature: 3.6609 (3.6619)  loss_sep: 0.0022 (0.0023)  loss_quan: 0.1768 (0.1772)  time: 1.0041  data: 0.8478  max mem: 3597
2024-12-07 21:57:23,579 - log_every - INFO - Epoch: [22] Total time: 0:00:12 (1.0373 s / it)
2024-12-07 21:57:23,580 - evaluate - INFO - Start validation
2024-12-07 21:57:59,956 - evaluate - INFO - test len(list(set(preds1))): 369 len(preds): 4496
2024-12-07 21:57:59,956 - evaluate - INFO - Evaluate: all_acc: 0.302 old_acc: 0.416 new_acc: 0.245
2024-12-07 21:57:59,957 - main - INFO - Averaged stats:
2024-12-07 21:57:59,957 - main - INFO - {'lr': 9.757384114723954e-05, 'loss_protop': 4.484221458435059, 'loss_feature': 3.6618825594584146, 'loss_sep': 0.0023144530762995905, 'loss_quan': 0.17723592122395834}
2024-12-07 21:57:59,958 - train_one_epoch - INFO - Start train one epoch
2024-12-07 21:58:09,953 - log_every - INFO - Epoch: [23]  [ 0/12]  eta: 0:01:59  lr: 0.000097  loss_protop: 4.4163 (4.4163)  loss_feature: 3.6609 (3.6609)  loss_sep: 0.0046 (0.0046)  loss_quan: 0.1748 (0.1748)  time: 9.9943  data: 9.7991  max mem: 3597
2024-12-07 21:58:12,010 - log_every - INFO - Epoch: [23]  [11/12]  eta: 0:00:01  lr: 0.000097  loss_protop: 4.4386 (4.4309)  loss_feature: 3.6615 (3.6619)  loss_sep: 0.0019 (0.0023)  loss_quan: 0.1768 (0.1766)  time: 1.0043  data: 0.8502  max mem: 3597
2024-12-07 21:58:12,402 - log_every - INFO - Epoch: [23] Total time: 0:00:12 (1.0370 s / it)
2024-12-07 21:58:12,402 - evaluate - INFO - Start validation
2024-12-07 21:58:48,555 - evaluate - INFO - test len(list(set(preds1))): 381 len(preds): 4496
2024-12-07 21:58:48,555 - evaluate - INFO - Evaluate: all_acc: 0.309 old_acc: 0.421 new_acc: 0.253
2024-12-07 21:58:48,556 - main - INFO - Averaged stats:
2024-12-07 21:58:48,557 - main - INFO - {'lr': 9.733963460294017e-05, 'loss_protop': 4.430946469306946, 'loss_feature': 3.661864181359609, 'loss_sep': 0.002330729092742937, 'loss_quan': 0.17657470703125}
2024-12-07 21:58:48,557 - train_one_epoch - INFO - Start train one epoch
2024-12-07 21:58:58,388 - log_every - INFO - Epoch: [24]  [ 0/12]  eta: 0:01:57  lr: 0.000097  loss_protop: 4.4731 (4.4731)  loss_feature: 3.6600 (3.6600)  loss_sep: 0.0005 (0.0005)  loss_quan: 0.1754 (0.1754)  time: 9.8297  data: 9.6058  max mem: 3597
2024-12-07 21:59:00,683 - log_every - INFO - Epoch: [24]  [11/12]  eta: 0:00:01  lr: 0.000097  loss_protop: 4.4061 (4.4094)  loss_feature: 3.6607 (3.6614)  loss_sep: 0.0022 (0.0022)  loss_quan: 0.1718 (0.1722)  time: 1.0104  data: 0.8518  max mem: 3597
2024-12-07 21:59:01,080 - log_every - INFO - Epoch: [24] Total time: 0:00:12 (1.0435 s / it)
2024-12-07 21:59:01,081 - evaluate - INFO - Start validation
2024-12-07 21:59:37,390 - evaluate - INFO - test len(list(set(preds1))): 371 len(preds): 4496
2024-12-07 21:59:37,391 - evaluate - INFO - Evaluate: all_acc: 0.306 old_acc: 0.432 new_acc: 0.244
2024-12-07 21:59:37,392 - main - INFO - Averaged stats:
2024-12-07 21:59:37,392 - main - INFO - {'lr': 9.709498138734405e-05, 'loss_protop': 4.409359931945801, 'loss_feature': 3.6614222526550293, 'loss_sep': 0.0021712239152596644, 'loss_quan': 0.17220052083333334}
2024-12-07 21:59:37,393 - train_one_epoch - INFO - Start train one epoch
2024-12-07 21:59:47,490 - log_every - INFO - Epoch: [25]  [ 0/12]  eta: 0:02:01  lr: 0.000097  loss_protop: 4.5525 (4.5525)  loss_feature: 3.6604 (3.6604)  loss_sep: 0.0022 (0.0022)  loss_quan: 0.1697 (0.1697)  time: 10.0973  data: 9.9027  max mem: 3597
2024-12-07 21:59:49,412 - log_every - INFO - Epoch: [25]  [11/12]  eta: 0:00:01  lr: 0.000097  loss_protop: 4.2804 (4.3141)  loss_feature: 3.6602 (3.6603)  loss_sep: 0.0023 (0.0028)  loss_quan: 0.1671 (0.1677)  time: 1.0015  data: 0.8566  max mem: 3597
2024-12-07 21:59:49,800 - log_every - INFO - Epoch: [25] Total time: 0:00:12 (1.0340 s / it)
2024-12-07 21:59:49,801 - evaluate - INFO - Start validation
2024-12-07 22:00:26,051 - evaluate - INFO - test len(list(set(preds1))): 365 len(preds): 4496
2024-12-07 22:00:26,051 - evaluate - INFO - Evaluate: all_acc: 0.314 old_acc: 0.437 new_acc: 0.253
2024-12-07 22:00:26,052 - main - INFO - Averaged stats:
2024-12-07 22:00:26,052 - main - INFO - {'lr': 9.68399418649713e-05, 'loss_protop': 4.314113259315491, 'loss_feature': 3.660329441229502, 'loss_sep': 0.0027799478557426482, 'loss_quan': 0.16770426432291666}
2024-12-07 22:00:26,053 - train_one_epoch - INFO - Start train one epoch
2024-12-07 22:00:36,071 - log_every - INFO - Epoch: [26]  [ 0/12]  eta: 0:02:00  lr: 0.000097  loss_protop: 4.2867 (4.2867)  loss_feature: 3.6610 (3.6610)  loss_sep: 0.0000 (0.0000)  loss_quan: 0.1697 (0.1697)  time: 10.0179  data: 9.8072  max mem: 3597
2024-12-07 22:00:38,204 - log_every - INFO - Epoch: [26]  [11/12]  eta: 0:00:01  lr: 0.000097  loss_protop: 4.3265 (4.3287)  loss_feature: 3.6604 (3.6606)  loss_sep: 0.0018 (0.0019)  loss_quan: 0.1652 (0.1655)  time: 1.0124  data: 0.8627  max mem: 3597
2024-12-07 22:00:38,600 - log_every - INFO - Epoch: [26] Total time: 0:00:12 (1.0455 s / it)
2024-12-07 22:00:38,600 - evaluate - INFO - Start validation
